<?xml version="1.0" encoding="UTF-8"?>
<testsuites name="DTSmoke" time="109" tests="6" failures="0" errors="0">
   <testsuite name="DTSmoke" tests="6" failures="0" errors="0" time="109" timestamp="2019-05-21 14:16:15" hostname="Dibyashree.Jyoti - E3480-Djyoti.brandmuscle.local" id="Test Suites/DTSmoke">
      <properties>
         <property name="deviceName" value=""/>
         <property name="devicePlatform" value=""/>
         <property name="logFolder" value="D:\\CHR-Katalon\\ABAUTOMATION\\Reports\\DTSmoke\\20190521_141612"/>
         <property name="logFiles" value="D:\\CHR-Katalon\\ABAUTOMATION\\Reports\\DTSmoke\\20190521_141612\\execution0.log"/>
         <property name="attachments" value=""/>
         <property name="hostName" value="Dibyashree.Jyoti - E3480-Djyoti.brandmuscle.local"/>
         <property name="os" value="Windows 10 64bit"/>
         <property name="katalonVersion" value="6.1.2.2"/>
         <property name="browser" value="Chrome 74.0.3729.157"/>
         <property name="hostAddress" value="10.15.1.154"/>
         <property name="sessionId" value="37e1bc4c8ff04130f09605c9b11d2653"/>
         <property name="seleniumVersion" value="3.7.1"/>
         <property name="proxyInformation" value="ProxyInformation{proxyOption=NO_PROXY, proxyServerType=HTTP, password=, proxyServerAddress=, proxyServerPort=0}"/>
         <property name="platform" value="Windows 10"/>
      </properties>
      <testcase name="Test Cases/IIDT/DT SMOKE/VerifyJobClosingPage" classname="Test Cases/IIDT/DT SMOKE/VerifyJobClosingPage" status="PASSED">
         <system-out><![CDATA[2019-05-21 14:16:15 - [TEST_CASE][PASSED] - Test Cases/IIDT/DT SMOKE/VerifyJobClosingPage: Test Cases/IIDT/DT SMOKE/VerifyJobClosingPage

2019-05-21 14:16:15 - [TEST_STEP][PASSED] - openBrowser(""): Browser is opened with url: ''

2019-05-21 14:16:16 - [MESSAGE][INFO] - Starting 'Chrome' driver

2019-05-21 14:16:16 - [MESSAGE][INFO] - Action delay is set to 0 seconds

2019-05-21 14:16:19 - [MESSAGE][PASSED] - Browser is opened with url: ''

2019-05-21 14:16:19 - [TEST_STEP][PASSED] - navigateToUrl("http://designtracker.uat.brandmuscle.net/"): Navigate to 'http://designtracker.uat.brandmuscle.net/' successfully

2019-05-21 14:16:32 - [MESSAGE][PASSED] - Navigate to 'http://designtracker.uat.brandmuscle.net/' successfully

2019-05-21 14:16:32 - [TEST_STEP][PASSED] - maximizeWindow(): Current window maximized

2019-05-21 14:16:33 - [MESSAGE][PASSED] - Current window maximized

2019-05-21 14:16:33 - [TEST_STEP][PASSED] - waitForPageLoad(30): Wait for page load successfully

2019-05-21 14:16:33 - [MESSAGE][PASSED] - Wait for page load successfully

2019-05-21 14:16:33 - [TEST_STEP][PASSED] - waitForElementVisible(findTestObject("DESIGNTRACKER/LoginPage/Page_DesignTrackerLogin/UserName"), 30): Object 'Object Repository/DESIGNTRACKER/LoginPage/Page_DesignTrackerLogin/UserName' is visible

2019-05-21 14:16:34 - [MESSAGE][PASSED] - Object 'Object Repository/DESIGNTRACKER/LoginPage/Page_DesignTrackerLogin/UserName' is visible

2019-05-21 14:16:34 - [TEST_STEP][PASSED] - setText(findTestObject("DESIGNTRACKER/LoginPage/Page_DesignTrackerLogin/UserName"), "dibyashree.jyoti@brandmuscle.com"): Text 'dibyashree.jyoti@brandmuscle.com' is set on object 'Object Repository/DESIGNTRACKER/LoginPage/Page_DesignTrackerLogin/UserName'

2019-05-21 14:16:34 - [MESSAGE][PASSED] - Text 'dibyashree.jyoti@brandmuscle.com' is set on object 'Object Repository/DESIGNTRACKER/LoginPage/Page_DesignTrackerLogin/UserName'

2019-05-21 14:16:34 - [TEST_STEP][PASSED] - waitForElementVisible(findTestObject("DESIGNTRACKER/LoginPage/Page_DesignTrackerLogin/Password"), 30): Object 'Object Repository/DESIGNTRACKER/LoginPage/Page_DesignTrackerLogin/Password' is visible

2019-05-21 14:16:34 - [MESSAGE][PASSED] - Object 'Object Repository/DESIGNTRACKER/LoginPage/Page_DesignTrackerLogin/Password' is visible

2019-05-21 14:16:34 - [TEST_STEP][PASSED] - setText(findTestObject("DESIGNTRACKER/LoginPage/Page_DesignTrackerLogin/Password"), "dibya@1234"): Text 'dibya@1234' is set on object 'Object Repository/DESIGNTRACKER/LoginPage/Page_DesignTrackerLogin/Password'

2019-05-21 14:16:34 - [MESSAGE][PASSED] - Text 'dibya@1234' is set on object 'Object Repository/DESIGNTRACKER/LoginPage/Page_DesignTrackerLogin/Password'

2019-05-21 14:16:34 - [TEST_STEP][PASSED] - waitForElementVisible(findTestObject("DESIGNTRACKER/LoginPage/Page_DesignTrackerLogin/LoginBtn"), 30): Object 'Object Repository/DESIGNTRACKER/LoginPage/Page_DesignTrackerLogin/LoginBtn' is visible

2019-05-21 14:16:34 - [MESSAGE][PASSED] - Object 'Object Repository/DESIGNTRACKER/LoginPage/Page_DesignTrackerLogin/LoginBtn' is visible

2019-05-21 14:16:34 - [TEST_STEP][PASSED] - click(findTestObject("DESIGNTRACKER/LoginPage/Page_DesignTrackerLogin/LoginBtn")): Object: 'Object Repository/DESIGNTRACKER/LoginPage/Page_DesignTrackerLogin/LoginBtn' is clicked on

2019-05-21 14:16:54 - [MESSAGE][PASSED] - Object: 'Object Repository/DESIGNTRACKER/LoginPage/Page_DesignTrackerLogin/LoginBtn' is clicked on

2019-05-21 14:16:54 - [TEST_STEP][PASSED] - waitForPageLoad(30): Wait for page load successfully

2019-05-21 14:16:54 - [MESSAGE][PASSED] - Wait for page load successfully

2019-05-21 14:16:54 - [TEST_STEP][PASSED] - waitForElementVisible(findTestObject("DESIGNTRACKER/HomePage/Page_DesignTracker -  Brandmuscle/SITEADMINISTRATION"), 30): Object 'Object Repository/DESIGNTRACKER/HomePage/Page_DesignTracker -  Brandmuscle/SITEADMINISTRATION' is visible

2019-05-21 14:16:54 - [MESSAGE][PASSED] - Object 'Object Repository/DESIGNTRACKER/HomePage/Page_DesignTracker -  Brandmuscle/SITEADMINISTRATION' is visible

2019-05-21 14:16:54 - [TEST_STEP][PASSED] - mouseOverOffset(findTestObject("DESIGNTRACKER/HomePage/Page_DesignTracker -  Brandmuscle/SITEADMINISTRATION"), 0, 0): Object: 'Object Repository/DESIGNTRACKER/HomePage/Page_DesignTracker -  Brandmuscle/SITEADMINISTRATION' is hovered using offset x = 0 and y = 0

2019-05-21 14:16:54 - [MESSAGE][PASSED] - Object: 'Object Repository/DESIGNTRACKER/HomePage/Page_DesignTracker -  Brandmuscle/SITEADMINISTRATION' is hovered using offset x = 0 and y = 0

2019-05-21 14:16:54 - [TEST_STEP][PASSED] - waitForElementVisible(findTestObject("DESIGNTRACKER/HomePage/Page_DesignTracker -  Brandmuscle/JOB CLOSING"), 30): Object 'Object Repository/DESIGNTRACKER/HomePage/Page_DesignTracker -  Brandmuscle/JOB CLOSING' is visible

2019-05-21 14:16:54 - [MESSAGE][PASSED] - Object 'Object Repository/DESIGNTRACKER/HomePage/Page_DesignTracker -  Brandmuscle/JOB CLOSING' is visible

2019-05-21 14:16:54 - [TEST_STEP][PASSED] - mouseOver(findTestObject("DESIGNTRACKER/HomePage/Page_DesignTracker -  Brandmuscle/JOB CLOSING")): Object: 'Object Repository/DESIGNTRACKER/HomePage/Page_DesignTracker -  Brandmuscle/JOB CLOSING' is hovered

2019-05-21 14:16:54 - [MESSAGE][PASSED] - Object: 'Object Repository/DESIGNTRACKER/HomePage/Page_DesignTracker -  Brandmuscle/JOB CLOSING' is hovered

2019-05-21 14:16:54 - [TEST_STEP][PASSED] - click(findTestObject("DESIGNTRACKER/HomePage/Page_DesignTracker -  Brandmuscle/JOB CLOSING")): Object: 'Object Repository/DESIGNTRACKER/HomePage/Page_DesignTracker -  Brandmuscle/JOB CLOSING' is clicked on

2019-05-21 14:16:55 - [MESSAGE][PASSED] - Object: 'Object Repository/DESIGNTRACKER/HomePage/Page_DesignTracker -  Brandmuscle/JOB CLOSING' is clicked on

2019-05-21 14:16:55 - [TEST_STEP][PASSED] - waitForPageLoad(30): Wait for page load successfully

2019-05-21 14:16:55 - [MESSAGE][PASSED] - Wait for page load successfully

2019-05-21 14:16:55 - [TEST_STEP][PASSED] - closeBrowser(): Browser is closed

2019-05-21 14:16:56 - [MESSAGE][PASSED] - Browser is closed]]></system-out>
         <system-err><![CDATA[]]></system-err>
      </testcase>
      <testcase name="Test Cases/IIDT/DT SMOKE/VerifyNewJobPage" classname="Test Cases/IIDT/DT SMOKE/VerifyNewJobPage" status="PASSED">
         <system-out><![CDATA[2019-05-21 14:16:56 - [TEST_CASE][PASSED] - Test Cases/IIDT/DT SMOKE/VerifyNewJobPage: Test Cases/IIDT/DT SMOKE/VerifyNewJobPage

2019-05-21 14:16:56 - [TEST_STEP][PASSED] - openBrowser("http://designtracker.uat.brandmuscle.net"): Browser is opened with url: 'http://designtracker.uat.brandmuscle.net'

2019-05-21 14:16:56 - [MESSAGE][INFO] - Starting 'Chrome' driver

2019-05-21 14:17:03 - [MESSAGE][PASSED] - Browser is opened with url: 'http://designtracker.uat.brandmuscle.net'

2019-05-21 14:17:03 - [TEST_STEP][PASSED] - maximizeWindow(): Current window maximized

2019-05-21 14:17:04 - [MESSAGE][PASSED] - Current window maximized

2019-05-21 14:17:04 - [TEST_STEP][PASSED] - waitForPageLoad(30): Wait for page load successfully

2019-05-21 14:17:05 - [MESSAGE][PASSED] - Wait for page load successfully

2019-05-21 14:17:05 - [TEST_STEP][PASSED] - setText(findTestObject("DESIGNTRACKER/LoginPage/Page_DesignTrackerLogin/UserName"), "dibyashree.jyoti@brandmuscle.com"): Text 'dibyashree.jyoti@brandmuscle.com' is set on object 'Object Repository/DESIGNTRACKER/LoginPage/Page_DesignTrackerLogin/UserName'

2019-05-21 14:17:05 - [MESSAGE][PASSED] - Text 'dibyashree.jyoti@brandmuscle.com' is set on object 'Object Repository/DESIGNTRACKER/LoginPage/Page_DesignTrackerLogin/UserName'

2019-05-21 14:17:05 - [TEST_STEP][PASSED] - setText(findTestObject("DESIGNTRACKER/LoginPage/Page_DesignTrackerLogin/Password"), "dibya@1234"): Text 'dibya@1234' is set on object 'Object Repository/DESIGNTRACKER/LoginPage/Page_DesignTrackerLogin/Password'

2019-05-21 14:17:05 - [MESSAGE][PASSED] - Text 'dibya@1234' is set on object 'Object Repository/DESIGNTRACKER/LoginPage/Page_DesignTrackerLogin/Password'

2019-05-21 14:17:05 - [TEST_STEP][PASSED] - waitForElementVisible(findTestObject("DESIGNTRACKER/LoginPage/Page_DesignTrackerLogin/LoginBtn"), 30): Object 'Object Repository/DESIGNTRACKER/LoginPage/Page_DesignTrackerLogin/LoginBtn' is visible

2019-05-21 14:17:05 - [MESSAGE][PASSED] - Object 'Object Repository/DESIGNTRACKER/LoginPage/Page_DesignTrackerLogin/LoginBtn' is visible

2019-05-21 14:17:05 - [TEST_STEP][PASSED] - click(findTestObject("DESIGNTRACKER/LoginPage/Page_DesignTrackerLogin/LoginBtn")): Object: 'Object Repository/DESIGNTRACKER/LoginPage/Page_DesignTrackerLogin/LoginBtn' is clicked on

2019-05-21 14:17:07 - [MESSAGE][PASSED] - Object: 'Object Repository/DESIGNTRACKER/LoginPage/Page_DesignTrackerLogin/LoginBtn' is clicked on

2019-05-21 14:17:07 - [TEST_STEP][PASSED] - waitForPageLoad(30): Wait for page load successfully

2019-05-21 14:17:07 - [MESSAGE][PASSED] - Wait for page load successfully

2019-05-21 14:17:07 - [TEST_STEP][PASSED] - waitForElementVisible(findTestObject("DESIGNTRACKER/HomePage/Page_DesignTracker -  Brandmuscle/Jobs"), 30): Object 'Object Repository/DESIGNTRACKER/HomePage/Page_DesignTracker -  Brandmuscle/Jobs' is visible

2019-05-21 14:17:08 - [MESSAGE][PASSED] - Object 'Object Repository/DESIGNTRACKER/HomePage/Page_DesignTracker -  Brandmuscle/Jobs' is visible

2019-05-21 14:17:08 - [TEST_STEP][PASSED] - mouseOverOffset(findTestObject("DESIGNTRACKER/HomePage/Page_DesignTracker -  Brandmuscle/Jobs"), 0, 0): Object: 'Object Repository/DESIGNTRACKER/HomePage/Page_DesignTracker -  Brandmuscle/Jobs' is hovered using offset x = 0 and y = 0

2019-05-21 14:17:08 - [MESSAGE][PASSED] - Object: 'Object Repository/DESIGNTRACKER/HomePage/Page_DesignTracker -  Brandmuscle/Jobs' is hovered using offset x = 0 and y = 0

2019-05-21 14:17:08 - [TEST_STEP][PASSED] - waitForElementVisible(findTestObject("DESIGNTRACKER/HomePage/Page_DesignTracker -  Brandmuscle/New"), 30): Object 'Object Repository/DESIGNTRACKER/HomePage/Page_DesignTracker -  Brandmuscle/New' is visible

2019-05-21 14:17:08 - [MESSAGE][PASSED] - Object 'Object Repository/DESIGNTRACKER/HomePage/Page_DesignTracker -  Brandmuscle/New' is visible

2019-05-21 14:17:08 - [TEST_STEP][PASSED] - mouseOver(findTestObject("DESIGNTRACKER/HomePage/Page_DesignTracker -  Brandmuscle/New")): Object: 'Object Repository/DESIGNTRACKER/HomePage/Page_DesignTracker -  Brandmuscle/New' is hovered

2019-05-21 14:17:08 - [MESSAGE][PASSED] - Object: 'Object Repository/DESIGNTRACKER/HomePage/Page_DesignTracker -  Brandmuscle/New' is hovered

2019-05-21 14:17:08 - [TEST_STEP][PASSED] - click(findTestObject("DESIGNTRACKER/HomePage/Page_DesignTracker -  Brandmuscle/New")): Object: 'Object Repository/DESIGNTRACKER/HomePage/Page_DesignTracker -  Brandmuscle/New' is clicked on

2019-05-21 14:17:09 - [MESSAGE][PASSED] - Object: 'Object Repository/DESIGNTRACKER/HomePage/Page_DesignTracker -  Brandmuscle/New' is clicked on

2019-05-21 14:17:09 - [TEST_STEP][PASSED] - waitForPageLoad(30): Wait for page load successfully

2019-05-21 14:17:09 - [MESSAGE][PASSED] - Wait for page load successfully

2019-05-21 14:17:09 - [TEST_STEP][PASSED] - waitForElementVisible(findTestObject("DESIGNTRACKER/JobNew/Page_DesignTracker -  Brandmuscle/CorporationDropDown"), 30): Object 'Object Repository/DESIGNTRACKER/JobNew/Page_DesignTracker -  Brandmuscle/CorporationDropDown' is visible

2019-05-21 14:17:09 - [MESSAGE][PASSED] - Object 'Object Repository/DESIGNTRACKER/JobNew/Page_DesignTracker -  Brandmuscle/CorporationDropDown' is visible

2019-05-21 14:17:09 - [TEST_STEP][PASSED] - verifyElementVisible(findTestObject("DESIGNTRACKER/JobNew/Page_DesignTracker -  Brandmuscle/CorporationDropDown")): Object 'Object Repository/DESIGNTRACKER/JobNew/Page_DesignTracker -  Brandmuscle/CorporationDropDown' is visible

2019-05-21 14:17:09 - [MESSAGE][PASSED] - Object 'Object Repository/DESIGNTRACKER/JobNew/Page_DesignTracker -  Brandmuscle/CorporationDropDown' is visible

2019-05-21 14:17:09 - [TEST_STEP][PASSED] - waitForElementVisible(findTestObject("DESIGNTRACKER/JobNew/Page_DesignTracker -  Brandmuscle/SupplierDistributorDropdown"), 30): Object 'Object Repository/DESIGNTRACKER/JobNew/Page_DesignTracker -  Brandmuscle/SupplierDistributorDropdown' is visible

2019-05-21 14:17:09 - [MESSAGE][PASSED] - Object 'Object Repository/DESIGNTRACKER/JobNew/Page_DesignTracker -  Brandmuscle/SupplierDistributorDropdown' is visible

2019-05-21 14:17:09 - [TEST_STEP][PASSED] - verifyElementVisible(findTestObject("DESIGNTRACKER/JobNew/Page_DesignTracker -  Brandmuscle/SupplierDistributorDropdown")): Object 'Object Repository/DESIGNTRACKER/JobNew/Page_DesignTracker -  Brandmuscle/SupplierDistributorDropdown' is visible

2019-05-21 14:17:09 - [MESSAGE][PASSED] - Object 'Object Repository/DESIGNTRACKER/JobNew/Page_DesignTracker -  Brandmuscle/SupplierDistributorDropdown' is visible

2019-05-21 14:17:09 - [TEST_STEP][PASSED] - waitForElementVisible(findTestObject("DESIGNTRACKER/JobNew/Page_DesignTracker -  Brandmuscle/SalesPersonDropDown"), 30): Object 'Object Repository/DESIGNTRACKER/JobNew/Page_DesignTracker -  Brandmuscle/SalesPersonDropDown' is visible

2019-05-21 14:17:09 - [MESSAGE][PASSED] - Object 'Object Repository/DESIGNTRACKER/JobNew/Page_DesignTracker -  Brandmuscle/SalesPersonDropDown' is visible

2019-05-21 14:17:09 - [TEST_STEP][PASSED] - verifyElementVisible(findTestObject("DESIGNTRACKER/JobNew/Page_DesignTracker -  Brandmuscle/SalesPersonDropDown")): Object 'Object Repository/DESIGNTRACKER/JobNew/Page_DesignTracker -  Brandmuscle/SalesPersonDropDown' is visible

2019-05-21 14:17:09 - [MESSAGE][PASSED] - Object 'Object Repository/DESIGNTRACKER/JobNew/Page_DesignTracker -  Brandmuscle/SalesPersonDropDown' is visible

2019-05-21 14:17:09 - [TEST_STEP][PASSED] - waitForElementVisible(findTestObject("DESIGNTRACKER/JobNew/Page_DesignTracker -  Brandmuscle/AccontDropDown"), 30): Object 'Object Repository/DESIGNTRACKER/JobNew/Page_DesignTracker -  Brandmuscle/AccontDropDown' is visible

2019-05-21 14:17:09 - [MESSAGE][PASSED] - Object 'Object Repository/DESIGNTRACKER/JobNew/Page_DesignTracker -  Brandmuscle/AccontDropDown' is visible

2019-05-21 14:17:09 - [TEST_STEP][PASSED] - verifyElementVisible(findTestObject("DESIGNTRACKER/JobNew/Page_DesignTracker -  Brandmuscle/AccontDropDown")): Object 'Object Repository/DESIGNTRACKER/JobNew/Page_DesignTracker -  Brandmuscle/AccontDropDown' is visible

2019-05-21 14:17:09 - [MESSAGE][PASSED] - Object 'Object Repository/DESIGNTRACKER/JobNew/Page_DesignTracker -  Brandmuscle/AccontDropDown' is visible

2019-05-21 14:17:09 - [TEST_STEP][PASSED] - waitForElementVisible(findTestObject("DESIGNTRACKER/JobNew/Page_DesignTracker -  Brandmuscle/Jobtype"), 30): Object 'Object Repository/DESIGNTRACKER/JobNew/Page_DesignTracker -  Brandmuscle/Jobtype' is visible

2019-05-21 14:17:10 - [MESSAGE][PASSED] - Object 'Object Repository/DESIGNTRACKER/JobNew/Page_DesignTracker -  Brandmuscle/Jobtype' is visible

2019-05-21 14:17:10 - [TEST_STEP][PASSED] - verifyElementVisible(findTestObject("DESIGNTRACKER/JobNew/Page_DesignTracker -  Brandmuscle/Jobtype")): Object 'Object Repository/DESIGNTRACKER/JobNew/Page_DesignTracker -  Brandmuscle/Jobtype' is visible

2019-05-21 14:17:10 - [MESSAGE][PASSED] - Object 'Object Repository/DESIGNTRACKER/JobNew/Page_DesignTracker -  Brandmuscle/Jobtype' is visible

2019-05-21 14:17:10 - [TEST_STEP][PASSED] - waitForElementVisible(findTestObject("DESIGNTRACKER/JobNew/Page_DesignTracker -  Brandmuscle/CreateJobBtn"), 30): Object 'Object Repository/DESIGNTRACKER/JobNew/Page_DesignTracker -  Brandmuscle/CreateJobBtn' is visible

2019-05-21 14:17:10 - [MESSAGE][PASSED] - Object 'Object Repository/DESIGNTRACKER/JobNew/Page_DesignTracker -  Brandmuscle/CreateJobBtn' is visible

2019-05-21 14:17:10 - [TEST_STEP][PASSED] - verifyElementClickable(findTestObject("DESIGNTRACKER/JobNew/Page_DesignTracker -  Brandmuscle/CreateJobBtn")): Object 'Object Repository/DESIGNTRACKER/JobNew/Page_DesignTracker -  Brandmuscle/CreateJobBtn' is clickable

2019-05-21 14:17:10 - [MESSAGE][PASSED] - Object 'Object Repository/DESIGNTRACKER/JobNew/Page_DesignTracker -  Brandmuscle/CreateJobBtn' is clickable

2019-05-21 14:17:10 - [TEST_STEP][PASSED] - verifyTextPresent("New Job", false): Text 'New Job' is present on page 

2019-05-21 14:17:10 - [MESSAGE][PASSED] - Text 'New Job' is present on page 

2019-05-21 14:17:10 - [TEST_STEP][PASSED] - closeBrowser(): Browser is closed

2019-05-21 14:17:10 - [MESSAGE][PASSED] - Browser is closed]]></system-out>
         <system-err><![CDATA[]]></system-err>
      </testcase>
      <testcase name="Test Cases/IIDT/DT SMOKE/VerifySalesPeoplePage" classname="Test Cases/IIDT/DT SMOKE/VerifySalesPeoplePage" status="PASSED">
         <system-out><![CDATA[2019-05-21 14:17:10 - [TEST_CASE][PASSED] - Test Cases/IIDT/DT SMOKE/VerifySalesPeoplePage: Test Cases/IIDT/DT SMOKE/VerifySalesPeoplePage

2019-05-21 14:17:11 - [TEST_STEP][PASSED] - openBrowser(""): Browser is opened with url: ''

2019-05-21 14:17:11 - [MESSAGE][INFO] - Starting 'Chrome' driver

2019-05-21 14:17:13 - [MESSAGE][PASSED] - Browser is opened with url: ''

2019-05-21 14:17:13 - [TEST_STEP][PASSED] - com.dtmethods.utilitymethods.OpenApplication("http://designtracker.uat.brandmuscle.net"): com.dtmethods.utilitymethods.OpenApplication is PASSED

2019-05-21 14:17:18 - [MESSAGE][PASSED] - Navigate to 'http://designtracker.uat.brandmuscle.net' successfully

2019-05-21 14:17:18 - [MESSAGE][PASSED] - com.dtmethods.utilitymethods.OpenApplication is PASSED

2019-05-21 14:17:18 - [TEST_STEP][PASSED] - setText(findTestObject("DESIGNTRACKER/LoginPage/Page_DesignTrackerLogin/UserName"), "dibyashree.jyoti@brandmuscle.com"): Text 'dibyashree.jyoti@brandmuscle.com' is set on object 'Object Repository/DESIGNTRACKER/LoginPage/Page_DesignTrackerLogin/UserName'

2019-05-21 14:17:18 - [MESSAGE][PASSED] - Text 'dibyashree.jyoti@brandmuscle.com' is set on object 'Object Repository/DESIGNTRACKER/LoginPage/Page_DesignTrackerLogin/UserName'

2019-05-21 14:17:18 - [TEST_STEP][PASSED] - setText(findTestObject("DESIGNTRACKER/LoginPage/Page_DesignTrackerLogin/Password"), "dibya@1234"): Text 'dibya@1234' is set on object 'Object Repository/DESIGNTRACKER/LoginPage/Page_DesignTrackerLogin/Password'

2019-05-21 14:17:18 - [MESSAGE][PASSED] - Text 'dibya@1234' is set on object 'Object Repository/DESIGNTRACKER/LoginPage/Page_DesignTrackerLogin/Password'

2019-05-21 14:17:18 - [TEST_STEP][PASSED] - click(findTestObject("DESIGNTRACKER/LoginPage/Page_DesignTrackerLogin/LoginBtn")): Object: 'Object Repository/DESIGNTRACKER/LoginPage/Page_DesignTrackerLogin/LoginBtn' is clicked on

2019-05-21 14:17:21 - [MESSAGE][PASSED] - Object: 'Object Repository/DESIGNTRACKER/LoginPage/Page_DesignTrackerLogin/LoginBtn' is clicked on

2019-05-21 14:17:21 - [TEST_STEP][PASSED] - waitForPageLoad(30): Wait for page load successfully

2019-05-21 14:17:21 - [MESSAGE][PASSED] - Wait for page load successfully

2019-05-21 14:17:21 - [TEST_STEP][PASSED] - waitForElementVisible(findTestObject("DESIGNTRACKER/HomePage/Page_DesignTracker -  Brandmuscle/SITEADMINISTRATION"), 30): Object 'Object Repository/DESIGNTRACKER/HomePage/Page_DesignTracker -  Brandmuscle/SITEADMINISTRATION' is visible

2019-05-21 14:17:21 - [MESSAGE][PASSED] - Object 'Object Repository/DESIGNTRACKER/HomePage/Page_DesignTracker -  Brandmuscle/SITEADMINISTRATION' is visible

2019-05-21 14:17:21 - [TEST_STEP][PASSED] - mouseOverOffset(findTestObject("DESIGNTRACKER/HomePage/Page_DesignTracker -  Brandmuscle/SITEADMINISTRATION"), 0, 0): Object: 'Object Repository/DESIGNTRACKER/HomePage/Page_DesignTracker -  Brandmuscle/SITEADMINISTRATION' is hovered using offset x = 0 and y = 0

2019-05-21 14:17:21 - [MESSAGE][PASSED] - Object: 'Object Repository/DESIGNTRACKER/HomePage/Page_DesignTracker -  Brandmuscle/SITEADMINISTRATION' is hovered using offset x = 0 and y = 0

2019-05-21 14:17:21 - [TEST_STEP][PASSED] - waitForElementVisible(findTestObject("DESIGNTRACKER/HomePage/Page_DesignTracker -  Brandmuscle/SALES PEOPLE"), 30): Object 'Object Repository/DESIGNTRACKER/HomePage/Page_DesignTracker -  Brandmuscle/SALES PEOPLE' is visible

2019-05-21 14:17:21 - [MESSAGE][PASSED] - Object 'Object Repository/DESIGNTRACKER/HomePage/Page_DesignTracker -  Brandmuscle/SALES PEOPLE' is visible

2019-05-21 14:17:21 - [TEST_STEP][PASSED] - mouseOver(findTestObject("DESIGNTRACKER/HomePage/Page_DesignTracker -  Brandmuscle/SALES PEOPLE")): Object: 'Object Repository/DESIGNTRACKER/HomePage/Page_DesignTracker -  Brandmuscle/SALES PEOPLE' is hovered

2019-05-21 14:17:21 - [MESSAGE][PASSED] - Object: 'Object Repository/DESIGNTRACKER/HomePage/Page_DesignTracker -  Brandmuscle/SALES PEOPLE' is hovered

2019-05-21 14:17:21 - [TEST_STEP][PASSED] - click(findTestObject("DESIGNTRACKER/HomePage/Page_DesignTracker -  Brandmuscle/SALES PEOPLE")): Object: 'Object Repository/DESIGNTRACKER/HomePage/Page_DesignTracker -  Brandmuscle/SALES PEOPLE' is clicked on

2019-05-21 14:17:22 - [MESSAGE][PASSED] - Object: 'Object Repository/DESIGNTRACKER/HomePage/Page_DesignTracker -  Brandmuscle/SALES PEOPLE' is clicked on

2019-05-21 14:17:22 - [TEST_STEP][PASSED] - waitForPageLoad(30): Wait for page load successfully

2019-05-21 14:17:22 - [MESSAGE][PASSED] - Wait for page load successfully

2019-05-21 14:17:22 - [TEST_STEP][PASSED] - verifyTextPresent("Market User Management", false): Text 'Market User Management' is present on page 

2019-05-21 14:17:22 - [MESSAGE][PASSED] - Text 'Market User Management' is present on page 

2019-05-21 14:17:22 - [TEST_STEP][PASSED] - closeBrowser(): Browser is closed

2019-05-21 14:17:23 - [MESSAGE][PASSED] - Browser is closed]]></system-out>
         <system-err><![CDATA[]]></system-err>
      </testcase>
      <testcase name="Test Cases/IIDT/DT SMOKE/VerifySalesPeopleSafeListPage" classname="Test Cases/IIDT/DT SMOKE/VerifySalesPeopleSafeListPage" status="PASSED">
         <system-out><![CDATA[2019-05-21 14:17:23 - [TEST_CASE][PASSED] - Test Cases/IIDT/DT SMOKE/VerifySalesPeopleSafeListPage: Test Cases/IIDT/DT SMOKE/VerifySalesPeopleSafeListPage

2019-05-21 14:17:23 - [TEST_STEP][PASSED] - openBrowser(""): Browser is opened with url: ''

2019-05-21 14:17:23 - [MESSAGE][INFO] - Starting 'Chrome' driver

2019-05-21 14:17:25 - [MESSAGE][PASSED] - Browser is opened with url: ''

2019-05-21 14:17:25 - [TEST_STEP][PASSED] - maximizeWindow(): Current window maximized

2019-05-21 14:17:26 - [MESSAGE][PASSED] - Current window maximized

2019-05-21 14:17:26 - [TEST_STEP][PASSED] - navigateToUrl("http://designtracker.uat.brandmuscle.net"): Navigate to 'http://designtracker.uat.brandmuscle.net' successfully

2019-05-21 14:17:31 - [MESSAGE][PASSED] - Navigate to 'http://designtracker.uat.brandmuscle.net' successfully

2019-05-21 14:17:31 - [TEST_STEP][PASSED] - waitForPageLoad(30): Wait for page load successfully

2019-05-21 14:17:31 - [MESSAGE][PASSED] - Wait for page load successfully

2019-05-21 14:17:31 - [TEST_STEP][PASSED] - waitForElementVisible(findTestObject("DESIGNTRACKER/LoginPage/Page_DesignTrackerLogin/UserName"), 30): Object 'Object Repository/DESIGNTRACKER/LoginPage/Page_DesignTrackerLogin/UserName' is visible

2019-05-21 14:17:31 - [MESSAGE][PASSED] - Object 'Object Repository/DESIGNTRACKER/LoginPage/Page_DesignTrackerLogin/UserName' is visible

2019-05-21 14:17:31 - [TEST_STEP][PASSED] - setText(findTestObject("DESIGNTRACKER/LoginPage/Page_DesignTrackerLogin/UserName"), "dibyashree.jyoti@brandmuscle.com"): Text 'dibyashree.jyoti@brandmuscle.com' is set on object 'Object Repository/DESIGNTRACKER/LoginPage/Page_DesignTrackerLogin/UserName'

2019-05-21 14:17:31 - [MESSAGE][PASSED] - Text 'dibyashree.jyoti@brandmuscle.com' is set on object 'Object Repository/DESIGNTRACKER/LoginPage/Page_DesignTrackerLogin/UserName'

2019-05-21 14:17:31 - [TEST_STEP][PASSED] - waitForElementVisible(findTestObject("DESIGNTRACKER/LoginPage/Page_DesignTrackerLogin/Password"), 30): Object 'Object Repository/DESIGNTRACKER/LoginPage/Page_DesignTrackerLogin/Password' is visible

2019-05-21 14:17:31 - [MESSAGE][PASSED] - Object 'Object Repository/DESIGNTRACKER/LoginPage/Page_DesignTrackerLogin/Password' is visible

2019-05-21 14:17:31 - [TEST_STEP][PASSED] - setText(findTestObject("DESIGNTRACKER/LoginPage/Page_DesignTrackerLogin/Password"), "dibya@1234"): Text 'dibya@1234' is set on object 'Object Repository/DESIGNTRACKER/LoginPage/Page_DesignTrackerLogin/Password'

2019-05-21 14:17:31 - [MESSAGE][PASSED] - Text 'dibya@1234' is set on object 'Object Repository/DESIGNTRACKER/LoginPage/Page_DesignTrackerLogin/Password'

2019-05-21 14:17:31 - [TEST_STEP][PASSED] - click(findTestObject("DESIGNTRACKER/LoginPage/Page_DesignTrackerLogin/LoginBtn")): Object: 'Object Repository/DESIGNTRACKER/LoginPage/Page_DesignTrackerLogin/LoginBtn' is clicked on

2019-05-21 14:17:34 - [MESSAGE][PASSED] - Object: 'Object Repository/DESIGNTRACKER/LoginPage/Page_DesignTrackerLogin/LoginBtn' is clicked on

2019-05-21 14:17:34 - [TEST_STEP][PASSED] - waitForPageLoad(30): Wait for page load successfully

2019-05-21 14:17:34 - [MESSAGE][PASSED] - Wait for page load successfully

2019-05-21 14:17:34 - [TEST_STEP][PASSED] - waitForElementVisible(findTestObject("DESIGNTRACKER/HomePage/Page_DesignTracker -  Brandmuscle/SITEADMINISTRATION"), 30): Object 'Object Repository/DESIGNTRACKER/HomePage/Page_DesignTracker -  Brandmuscle/SITEADMINISTRATION' is visible

2019-05-21 14:17:34 - [MESSAGE][PASSED] - Object 'Object Repository/DESIGNTRACKER/HomePage/Page_DesignTracker -  Brandmuscle/SITEADMINISTRATION' is visible

2019-05-21 14:17:34 - [TEST_STEP][PASSED] - mouseOverOffset(findTestObject("DESIGNTRACKER/HomePage/Page_DesignTracker -  Brandmuscle/SITEADMINISTRATION"), 0, 0): Object: 'Object Repository/DESIGNTRACKER/HomePage/Page_DesignTracker -  Brandmuscle/SITEADMINISTRATION' is hovered using offset x = 0 and y = 0

2019-05-21 14:17:34 - [MESSAGE][PASSED] - Object: 'Object Repository/DESIGNTRACKER/HomePage/Page_DesignTracker -  Brandmuscle/SITEADMINISTRATION' is hovered using offset x = 0 and y = 0

2019-05-21 14:17:34 - [TEST_STEP][PASSED] - waitForElementVisible(findTestObject("DESIGNTRACKER/HomePage/Page_DesignTracker -  Brandmuscle/EXCEPTION LIST - SALES PEOPLE"), 30): Object 'Object Repository/DESIGNTRACKER/HomePage/Page_DesignTracker -  Brandmuscle/EXCEPTION LIST - SALES PEOPLE' is visible

2019-05-21 14:17:34 - [MESSAGE][PASSED] - Object 'Object Repository/DESIGNTRACKER/HomePage/Page_DesignTracker -  Brandmuscle/EXCEPTION LIST - SALES PEOPLE' is visible

2019-05-21 14:17:34 - [TEST_STEP][PASSED] - mouseOver(findTestObject("DESIGNTRACKER/HomePage/Page_DesignTracker -  Brandmuscle/EXCEPTION LIST - SALES PEOPLE")): Object: 'Object Repository/DESIGNTRACKER/HomePage/Page_DesignTracker -  Brandmuscle/EXCEPTION LIST - SALES PEOPLE' is hovered

2019-05-21 14:17:34 - [MESSAGE][PASSED] - Object: 'Object Repository/DESIGNTRACKER/HomePage/Page_DesignTracker -  Brandmuscle/EXCEPTION LIST - SALES PEOPLE' is hovered

2019-05-21 14:17:34 - [TEST_STEP][PASSED] - click(findTestObject("DESIGNTRACKER/HomePage/Page_DesignTracker -  Brandmuscle/EXCEPTION LIST - SALES PEOPLE")): Object: 'Object Repository/DESIGNTRACKER/HomePage/Page_DesignTracker -  Brandmuscle/EXCEPTION LIST - SALES PEOPLE' is clicked on

2019-05-21 14:17:36 - [MESSAGE][PASSED] - Object: 'Object Repository/DESIGNTRACKER/HomePage/Page_DesignTracker -  Brandmuscle/EXCEPTION LIST - SALES PEOPLE' is clicked on

2019-05-21 14:17:36 - [TEST_STEP][PASSED] - waitForPageLoad(30): Wait for page load successfully

2019-05-21 14:17:36 - [MESSAGE][PASSED] - Wait for page load successfully

2019-05-21 14:17:36 - [TEST_STEP][PASSED] - closeBrowser(): Browser is closed

2019-05-21 14:17:37 - [MESSAGE][PASSED] - Browser is closed]]></system-out>
         <system-err><![CDATA[]]></system-err>
      </testcase>
      <testcase name="Test Cases/IIDT/DT SMOKE/VerifySearchJob" classname="Test Cases/IIDT/DT SMOKE/VerifySearchJob" status="PASSED">
         <system-out><![CDATA[2019-05-21 14:17:37 - [TEST_CASE][PASSED] - Test Cases/IIDT/DT SMOKE/VerifySearchJob: Test Cases/IIDT/DT SMOKE/VerifySearchJob

2019-05-21 14:17:37 - [TEST_STEP][PASSED] - openBrowser("http://designtracker.uat.brandmuscle.net/login.aspx?ReturnUrl=%2f"): Browser is opened with url: 'http://designtracker.uat.brandmuscle.net/login.aspx?ReturnUrl=%2f'

2019-05-21 14:17:37 - [MESSAGE][INFO] - Starting 'Chrome' driver

2019-05-21 14:17:43 - [MESSAGE][PASSED] - Browser is opened with url: 'http://designtracker.uat.brandmuscle.net/login.aspx?ReturnUrl=%2f'

2019-05-21 14:17:43 - [TEST_STEP][PASSED] - maximizeWindow(): Current window maximized

2019-05-21 14:17:44 - [MESSAGE][PASSED] - Current window maximized

2019-05-21 14:17:44 - [TEST_STEP][PASSED] - setText(findTestObject("DESIGNTRACKER/LoginPage/Page_DesignTrackerLogin/UserName"), "dibyashree.jyoti@brandmuscle.com"): Text 'dibyashree.jyoti@brandmuscle.com' is set on object 'Object Repository/DESIGNTRACKER/LoginPage/Page_DesignTrackerLogin/UserName'

2019-05-21 14:17:44 - [MESSAGE][PASSED] - Text 'dibyashree.jyoti@brandmuscle.com' is set on object 'Object Repository/DESIGNTRACKER/LoginPage/Page_DesignTrackerLogin/UserName'

2019-05-21 14:17:44 - [TEST_STEP][PASSED] - setText(findTestObject("DESIGNTRACKER/LoginPage/Page_DesignTrackerLogin/Password"), "dibya@1234"): Text 'dibya@1234' is set on object 'Object Repository/DESIGNTRACKER/LoginPage/Page_DesignTrackerLogin/Password'

2019-05-21 14:17:44 - [MESSAGE][PASSED] - Text 'dibya@1234' is set on object 'Object Repository/DESIGNTRACKER/LoginPage/Page_DesignTrackerLogin/Password'

2019-05-21 14:17:44 - [TEST_STEP][PASSED] - click(findTestObject("DESIGNTRACKER/LoginPage/Page_DesignTrackerLogin/LoginBtn")): Object: 'Object Repository/DESIGNTRACKER/LoginPage/Page_DesignTrackerLogin/LoginBtn' is clicked on

2019-05-21 14:17:47 - [MESSAGE][PASSED] - Object: 'Object Repository/DESIGNTRACKER/LoginPage/Page_DesignTrackerLogin/LoginBtn' is clicked on

2019-05-21 14:17:47 - [TEST_STEP][PASSED] - waitForPageLoad(0): Wait for page load successfully

2019-05-21 14:17:47 - [MESSAGE][WARNING] - Timeout '0' is invalid. Using default page load timeout: '30'

2019-05-21 14:17:47 - [MESSAGE][PASSED] - Wait for page load successfully

2019-05-21 14:17:47 - [TEST_STEP][PASSED] - getUrl(): Current window's url is: 'http://designtracker.uat.brandmuscle.net/'

2019-05-21 14:17:47 - [MESSAGE][PASSED] - Current window's url is: 'http://designtracker.uat.brandmuscle.net/'

2019-05-21 14:17:47 - [TEST_STEP][PASSED] - scrollToElement(findTestObject("DESIGNTRACKER/HomePage/Page_DesignTracker -  Brandmuscle/ResetBtn"), 0): Scroll to object 'Object Repository/DESIGNTRACKER/HomePage/Page_DesignTracker -  Brandmuscle/ResetBtn' successfully

2019-05-21 14:17:47 - [MESSAGE][WARNING] - Timeout '0' is invalid. Using default page load timeout: '30'

2019-05-21 14:17:47 - [MESSAGE][PASSED] - Scroll to object 'Object Repository/DESIGNTRACKER/HomePage/Page_DesignTracker -  Brandmuscle/ResetBtn' successfully

2019-05-21 14:17:47 - [TEST_STEP][PASSED] - verifyElementClickable(findTestObject("DESIGNTRACKER/HomePage/Page_DesignTracker -  Brandmuscle/ResetBtn"), STOP_ON_FAILURE): Object 'Object Repository/DESIGNTRACKER/HomePage/Page_DesignTracker -  Brandmuscle/ResetBtn' is clickable

2019-05-21 14:17:47 - [MESSAGE][PASSED] - Object 'Object Repository/DESIGNTRACKER/HomePage/Page_DesignTracker -  Brandmuscle/ResetBtn' is clickable

2019-05-21 14:17:47 - [TEST_STEP][PASSED] - verifyElementPresent(findTestObject("DESIGNTRACKER/HomePage/Page_DesignTracker -  Brandmuscle/Jobs"), 0): Object 'Object Repository/DESIGNTRACKER/HomePage/Page_DesignTracker -  Brandmuscle/Jobs' is present

2019-05-21 14:17:47 - [MESSAGE][WARNING] - Timeout '0' is invalid. Using default page load timeout: '30'

2019-05-21 14:17:47 - [MESSAGE][PASSED] - Object 'Object Repository/DESIGNTRACKER/HomePage/Page_DesignTracker -  Brandmuscle/Jobs' is present

2019-05-21 14:17:47 - [TEST_STEP][PASSED] - mouseOver(findTestObject("DESIGNTRACKER/HomePage/Page_DesignTracker -  Brandmuscle/Jobs")): Object: 'Object Repository/DESIGNTRACKER/HomePage/Page_DesignTracker -  Brandmuscle/Jobs' is hovered

2019-05-21 14:17:47 - [MESSAGE][PASSED] - Object: 'Object Repository/DESIGNTRACKER/HomePage/Page_DesignTracker -  Brandmuscle/Jobs' is hovered

2019-05-21 14:17:47 - [TEST_STEP][PASSED] - mouseOver(findTestObject("DESIGNTRACKER/HomePage/Page_DesignTracker -  Brandmuscle/SearchBtn")): Object: 'Object Repository/DESIGNTRACKER/HomePage/Page_DesignTracker -  Brandmuscle/SearchBtn' is hovered

2019-05-21 14:17:47 - [MESSAGE][PASSED] - Object: 'Object Repository/DESIGNTRACKER/HomePage/Page_DesignTracker -  Brandmuscle/SearchBtn' is hovered

2019-05-21 14:17:47 - [TEST_STEP][PASSED] - click(findTestObject("DESIGNTRACKER/HomePage/Page_DesignTracker -  Brandmuscle/SearchBtn")): Object: 'Object Repository/DESIGNTRACKER/HomePage/Page_DesignTracker -  Brandmuscle/SearchBtn' is clicked on

2019-05-21 14:17:47 - [MESSAGE][PASSED] - Object: 'Object Repository/DESIGNTRACKER/HomePage/Page_DesignTracker -  Brandmuscle/SearchBtn' is clicked on

2019-05-21 14:17:47 - [TEST_STEP][PASSED] - scrollToElement(findTestObject("DESIGNTRACKER/HomePage/Page_DesignTracker -  Brandmuscle/SelectLink"), 0): Scroll to object 'Object Repository/DESIGNTRACKER/HomePage/Page_DesignTracker -  Brandmuscle/SelectLink' successfully

2019-05-21 14:17:47 - [MESSAGE][WARNING] - Timeout '0' is invalid. Using default page load timeout: '30'

2019-05-21 14:17:51 - [MESSAGE][PASSED] - Scroll to object 'Object Repository/DESIGNTRACKER/HomePage/Page_DesignTracker -  Brandmuscle/SelectLink' successfully

2019-05-21 14:17:51 - [TEST_STEP][PASSED] - click(findTestObject("DESIGNTRACKER/HomePage/Page_DesignTracker -  Brandmuscle/SelectLink")): Object: 'Object Repository/DESIGNTRACKER/HomePage/Page_DesignTracker -  Brandmuscle/SelectLink' is clicked on

2019-05-21 14:17:51 - [MESSAGE][PASSED] - Object: 'Object Repository/DESIGNTRACKER/HomePage/Page_DesignTracker -  Brandmuscle/SelectLink' is clicked on

2019-05-21 14:17:51 - [TEST_STEP][PASSED] - waitForPageLoad(0): Wait for page load successfully

2019-05-21 14:17:51 - [MESSAGE][WARNING] - Timeout '0' is invalid. Using default page load timeout: '30'

2019-05-21 14:17:51 - [MESSAGE][PASSED] - Wait for page load successfully

2019-05-21 14:17:51 - [TEST_STEP][PASSED] - getUrl(): Current window's url is: 'http://designtracker.uat.brandmuscle.net/'

2019-05-21 14:17:51 - [MESSAGE][PASSED] - Current window's url is: 'http://designtracker.uat.brandmuscle.net/'

2019-05-21 14:17:51 - [TEST_STEP][PASSED] - closeBrowser(): Browser is closed

2019-05-21 14:17:52 - [MESSAGE][PASSED] - Browser is closed]]></system-out>
         <system-err><![CDATA[]]></system-err>
      </testcase>
      <testcase name="Test Cases/IIDT/DT SMOKE/LoginDesignTracker" classname="Test Cases/IIDT/DT SMOKE/LoginDesignTracker" status="PASSED">
         <system-out><![CDATA[2019-05-21 14:17:52 - [TEST_CASE][PASSED] - Test Cases/IIDT/DT SMOKE/LoginDesignTracker: Test Cases/IIDT/DT SMOKE/LoginDesignTracker

2019-05-21 14:17:52 - [TEST_STEP][PASSED] - openBrowser(""): Browser is opened with url: ''

2019-05-21 14:17:52 - [MESSAGE][INFO] - Starting 'Chrome' driver

2019-05-21 14:17:54 - [MESSAGE][PASSED] - Browser is opened with url: ''

2019-05-21 14:17:54 - [TEST_STEP][PASSED] - navigateToUrl("http://designtracker.uat.brandmuscle.net/login.aspx?ReturnUrl=%2f"): Navigate to 'http://designtracker.uat.brandmuscle.net/login.aspx?ReturnUrl=%2f' successfully

2019-05-21 14:17:58 - [MESSAGE][PASSED] - Navigate to 'http://designtracker.uat.brandmuscle.net/login.aspx?ReturnUrl=%2f' successfully

2019-05-21 14:17:58 - [TEST_STEP][PASSED] - maximizeWindow(): Current window maximized

2019-05-21 14:17:59 - [MESSAGE][PASSED] - Current window maximized

2019-05-21 14:17:59 - [TEST_STEP][PASSED] - setText(findTestObject("DESIGNTRACKER/LoginPage/Page_DesignTrackerLogin/UserName"), "dibyashree.jyoti@brandmuscle.com"): Text 'dibyashree.jyoti@brandmuscle.com' is set on object 'Object Repository/DESIGNTRACKER/LoginPage/Page_DesignTrackerLogin/UserName'

2019-05-21 14:17:59 - [MESSAGE][PASSED] - Text 'dibyashree.jyoti@brandmuscle.com' is set on object 'Object Repository/DESIGNTRACKER/LoginPage/Page_DesignTrackerLogin/UserName'

2019-05-21 14:17:59 - [TEST_STEP][PASSED] - setEncryptedText(findTestObject("DESIGNTRACKER/LoginPage/Page_DesignTrackerLogin/Password"), "8bxY5gEhEkwKDaQT9s4tsg=="): Text ****** has been set on object 'Object Repository/DESIGNTRACKER/LoginPage/Page_DesignTrackerLogin/Password'

2019-05-21 14:17:59 - [MESSAGE][PASSED] - Text ****** has been set on object 'Object Repository/DESIGNTRACKER/LoginPage/Page_DesignTrackerLogin/Password'

2019-05-21 14:17:59 - [TEST_STEP][PASSED] - click(findTestObject("DESIGNTRACKER/LoginPage/Page_DesignTrackerLogin/LoginBtn")): Object: 'Object Repository/DESIGNTRACKER/LoginPage/Page_DesignTrackerLogin/LoginBtn' is clicked on

2019-05-21 14:18:03 - [MESSAGE][PASSED] - Object: 'Object Repository/DESIGNTRACKER/LoginPage/Page_DesignTrackerLogin/LoginBtn' is clicked on

2019-05-21 14:18:03 - [TEST_STEP][PASSED] - waitForPageLoad(30): Wait for page load successfully

2019-05-21 14:18:03 - [MESSAGE][PASSED] - Wait for page load successfully

2019-05-21 14:18:03 - [TEST_STEP][PASSED] - click(findTestObject("DESIGNTRACKER/HomePage/Page_DesignTracker -  Brandmuscle/LogOutLink")): Object: 'Object Repository/DESIGNTRACKER/HomePage/Page_DesignTracker -  Brandmuscle/LogOutLink' is clicked on

2019-05-21 14:18:03 - [MESSAGE][PASSED] - Object: 'Object Repository/DESIGNTRACKER/HomePage/Page_DesignTracker -  Brandmuscle/LogOutLink' is clicked on

2019-05-21 14:18:03 - [TEST_STEP][PASSED] - closeBrowser(): Browser is closed

2019-05-21 14:18:05 - [MESSAGE][PASSED] - Browser is closed]]></system-out>
         <system-err><![CDATA[]]></system-err>
      </testcase>
      <system-out><![CDATA[2019-05-21 14:16:15 - [TEST_SUITE][PASSED] - DTSmoke: Test Cases/IIDT/DT SMOKE/LoginDesignTracker]]></system-out>
      <system-err><![CDATA[]]></system-err>
   </testsuite>
</testsuites>
