<?xml version="1.0" encoding="UTF-8"?>
<testsuites name="ConsolidatorSmoke" time="107" tests="6" failures="0" errors="0">
   <testsuite name="ConsolidatorSmoke" tests="6" failures="0" errors="0" time="107" timestamp="2019-05-21 14:41:17" hostname="Dibyashree.Jyoti - E3480-Djyoti.brandmuscle.local" id="Test Suites/ConsolidatorSmoke">
      <properties>
         <property name="deviceName" value=""/>
         <property name="devicePlatform" value=""/>
         <property name="logFolder" value="D:\\CHR-Katalon\\ABAUTOMATION\\Reports\\ConsolidatorSmoke\\20190521_144115"/>
         <property name="logFiles" value="D:\\CHR-Katalon\\ABAUTOMATION\\Reports\\ConsolidatorSmoke\\20190521_144115\\execution0.log"/>
         <property name="attachments" value=""/>
         <property name="hostName" value="Dibyashree.Jyoti - E3480-Djyoti.brandmuscle.local"/>
         <property name="os" value="Windows 10 64bit"/>
         <property name="katalonVersion" value="6.1.2.2"/>
         <property name="browser" value="Chrome 74.0.3729.157"/>
         <property name="hostAddress" value="10.15.1.154"/>
         <property name="sessionId" value="a6f0c16142fa68cb47040e2a013ce22c"/>
         <property name="seleniumVersion" value="3.7.1"/>
         <property name="proxyInformation" value="ProxyInformation{proxyOption=NO_PROXY, proxyServerType=HTTP, password=, proxyServerAddress=, proxyServerPort=0}"/>
         <property name="platform" value="Windows 10"/>
      </properties>
      <testcase name="Test Cases/IIDT/DT SMOKE/LoginDesignTracker" classname="Test Cases/IIDT/DT SMOKE/LoginDesignTracker" status="PASSED">
         <system-out><![CDATA[2019-05-21 14:41:17 - [TEST_CASE][PASSED] - Test Cases/IIDT/DT SMOKE/LoginDesignTracker: Test Cases/IIDT/DT SMOKE/LoginDesignTracker

2019-05-21 14:41:18 - [TEST_STEP][PASSED] - openBrowser(""): Browser is opened with url: ''

2019-05-21 14:41:19 - [MESSAGE][INFO] - Starting 'Chrome' driver

2019-05-21 14:41:19 - [MESSAGE][INFO] - Action delay is set to 0 seconds

2019-05-21 14:41:23 - [MESSAGE][PASSED] - Browser is opened with url: ''

2019-05-21 14:41:23 - [TEST_STEP][PASSED] - navigateToUrl("http://designtracker.uat.brandmuscle.net/login.aspx?ReturnUrl=%2f"): Navigate to 'http://designtracker.uat.brandmuscle.net/login.aspx?ReturnUrl=%2f' successfully

2019-05-21 14:41:27 - [MESSAGE][PASSED] - Navigate to 'http://designtracker.uat.brandmuscle.net/login.aspx?ReturnUrl=%2f' successfully

2019-05-21 14:41:27 - [TEST_STEP][PASSED] - maximizeWindow(): Current window maximized

2019-05-21 14:41:28 - [MESSAGE][PASSED] - Current window maximized

2019-05-21 14:41:28 - [TEST_STEP][PASSED] - setText(findTestObject("DESIGNTRACKER/LoginPage/Page_DesignTrackerLogin/UserName"), "dibyashree.jyoti@brandmuscle.com"): Text 'dibyashree.jyoti@brandmuscle.com' is set on object 'Object Repository/DESIGNTRACKER/LoginPage/Page_DesignTrackerLogin/UserName'

2019-05-21 14:41:28 - [MESSAGE][PASSED] - Text 'dibyashree.jyoti@brandmuscle.com' is set on object 'Object Repository/DESIGNTRACKER/LoginPage/Page_DesignTrackerLogin/UserName'

2019-05-21 14:41:28 - [TEST_STEP][PASSED] - setEncryptedText(findTestObject("DESIGNTRACKER/LoginPage/Page_DesignTrackerLogin/Password"), "8bxY5gEhEkwKDaQT9s4tsg=="): Text ****** has been set on object 'Object Repository/DESIGNTRACKER/LoginPage/Page_DesignTrackerLogin/Password'

2019-05-21 14:41:28 - [MESSAGE][PASSED] - Text ****** has been set on object 'Object Repository/DESIGNTRACKER/LoginPage/Page_DesignTrackerLogin/Password'

2019-05-21 14:41:28 - [TEST_STEP][PASSED] - click(findTestObject("DESIGNTRACKER/LoginPage/Page_DesignTrackerLogin/LoginBtn")): Object: 'Object Repository/DESIGNTRACKER/LoginPage/Page_DesignTrackerLogin/LoginBtn' is clicked on

2019-05-21 14:41:32 - [MESSAGE][PASSED] - Object: 'Object Repository/DESIGNTRACKER/LoginPage/Page_DesignTrackerLogin/LoginBtn' is clicked on

2019-05-21 14:41:32 - [TEST_STEP][PASSED] - waitForPageLoad(30): Wait for page load successfully

2019-05-21 14:41:32 - [MESSAGE][PASSED] - Wait for page load successfully

2019-05-21 14:41:32 - [TEST_STEP][PASSED] - click(findTestObject("DESIGNTRACKER/HomePage/Page_DesignTracker -  Brandmuscle/LogOutLink")): Object: 'Object Repository/DESIGNTRACKER/HomePage/Page_DesignTracker -  Brandmuscle/LogOutLink' is clicked on

2019-05-21 14:41:33 - [MESSAGE][PASSED] - Object: 'Object Repository/DESIGNTRACKER/HomePage/Page_DesignTracker -  Brandmuscle/LogOutLink' is clicked on

2019-05-21 14:41:33 - [TEST_STEP][PASSED] - closeBrowser(): Browser is closed

2019-05-21 14:41:33 - [MESSAGE][PASSED] - Browser is closed]]></system-out>
         <system-err><![CDATA[]]></system-err>
      </testcase>
      <testcase name="Test Cases/IIDT/DT SMOKE/VerifyJobClosingPage" classname="Test Cases/IIDT/DT SMOKE/VerifyJobClosingPage" status="PASSED">
         <system-out><![CDATA[2019-05-21 14:41:35 - [TEST_CASE][PASSED] - Test Cases/IIDT/DT SMOKE/VerifyJobClosingPage: Test Cases/IIDT/DT SMOKE/VerifyJobClosingPage

2019-05-21 14:41:36 - [TEST_STEP][PASSED] - openBrowser(""): Browser is opened with url: ''

2019-05-21 14:41:36 - [MESSAGE][INFO] - Starting 'Chrome' driver

2019-05-21 14:41:38 - [MESSAGE][PASSED] - Browser is opened with url: ''

2019-05-21 14:41:38 - [TEST_STEP][PASSED] - navigateToUrl("http://designtracker.uat.brandmuscle.net/"): Navigate to 'http://designtracker.uat.brandmuscle.net/' successfully

2019-05-21 14:41:42 - [MESSAGE][PASSED] - Navigate to 'http://designtracker.uat.brandmuscle.net/' successfully

2019-05-21 14:41:42 - [TEST_STEP][PASSED] - maximizeWindow(): Current window maximized

2019-05-21 14:41:43 - [MESSAGE][PASSED] - Current window maximized

2019-05-21 14:41:43 - [TEST_STEP][PASSED] - waitForPageLoad(30): Wait for page load successfully

2019-05-21 14:41:43 - [MESSAGE][PASSED] - Wait for page load successfully

2019-05-21 14:41:43 - [TEST_STEP][PASSED] - waitForElementVisible(findTestObject("DESIGNTRACKER/LoginPage/Page_DesignTrackerLogin/UserName"), 30): Object 'Object Repository/DESIGNTRACKER/LoginPage/Page_DesignTrackerLogin/UserName' is visible

2019-05-21 14:41:43 - [MESSAGE][PASSED] - Object 'Object Repository/DESIGNTRACKER/LoginPage/Page_DesignTrackerLogin/UserName' is visible

2019-05-21 14:41:43 - [TEST_STEP][PASSED] - setText(findTestObject("DESIGNTRACKER/LoginPage/Page_DesignTrackerLogin/UserName"), "dibyashree.jyoti@brandmuscle.com"): Text 'dibyashree.jyoti@brandmuscle.com' is set on object 'Object Repository/DESIGNTRACKER/LoginPage/Page_DesignTrackerLogin/UserName'

2019-05-21 14:41:43 - [MESSAGE][PASSED] - Text 'dibyashree.jyoti@brandmuscle.com' is set on object 'Object Repository/DESIGNTRACKER/LoginPage/Page_DesignTrackerLogin/UserName'

2019-05-21 14:41:43 - [TEST_STEP][PASSED] - waitForElementVisible(findTestObject("DESIGNTRACKER/LoginPage/Page_DesignTrackerLogin/Password"), 30): Object 'Object Repository/DESIGNTRACKER/LoginPage/Page_DesignTrackerLogin/Password' is visible

2019-05-21 14:41:43 - [MESSAGE][PASSED] - Object 'Object Repository/DESIGNTRACKER/LoginPage/Page_DesignTrackerLogin/Password' is visible

2019-05-21 14:41:43 - [TEST_STEP][PASSED] - setText(findTestObject("DESIGNTRACKER/LoginPage/Page_DesignTrackerLogin/Password"), "dibya@1234"): Text 'dibya@1234' is set on object 'Object Repository/DESIGNTRACKER/LoginPage/Page_DesignTrackerLogin/Password'

2019-05-21 14:41:43 - [MESSAGE][PASSED] - Text 'dibya@1234' is set on object 'Object Repository/DESIGNTRACKER/LoginPage/Page_DesignTrackerLogin/Password'

2019-05-21 14:41:43 - [TEST_STEP][PASSED] - waitForElementVisible(findTestObject("DESIGNTRACKER/LoginPage/Page_DesignTrackerLogin/LoginBtn"), 30): Object 'Object Repository/DESIGNTRACKER/LoginPage/Page_DesignTrackerLogin/LoginBtn' is visible

2019-05-21 14:41:43 - [MESSAGE][PASSED] - Object 'Object Repository/DESIGNTRACKER/LoginPage/Page_DesignTrackerLogin/LoginBtn' is visible

2019-05-21 14:41:43 - [TEST_STEP][PASSED] - click(findTestObject("DESIGNTRACKER/LoginPage/Page_DesignTrackerLogin/LoginBtn")): Object: 'Object Repository/DESIGNTRACKER/LoginPage/Page_DesignTrackerLogin/LoginBtn' is clicked on

2019-05-21 14:41:46 - [MESSAGE][PASSED] - Object: 'Object Repository/DESIGNTRACKER/LoginPage/Page_DesignTrackerLogin/LoginBtn' is clicked on

2019-05-21 14:41:46 - [TEST_STEP][PASSED] - waitForPageLoad(30): Wait for page load successfully

2019-05-21 14:41:46 - [MESSAGE][PASSED] - Wait for page load successfully

2019-05-21 14:41:46 - [TEST_STEP][PASSED] - waitForElementVisible(findTestObject("DESIGNTRACKER/HomePage/Page_DesignTracker -  Brandmuscle/SITEADMINISTRATION"), 30): Object 'Object Repository/DESIGNTRACKER/HomePage/Page_DesignTracker -  Brandmuscle/SITEADMINISTRATION' is visible

2019-05-21 14:41:46 - [MESSAGE][PASSED] - Object 'Object Repository/DESIGNTRACKER/HomePage/Page_DesignTracker -  Brandmuscle/SITEADMINISTRATION' is visible

2019-05-21 14:41:46 - [TEST_STEP][PASSED] - mouseOverOffset(findTestObject("DESIGNTRACKER/HomePage/Page_DesignTracker -  Brandmuscle/SITEADMINISTRATION"), 0, 0): Object: 'Object Repository/DESIGNTRACKER/HomePage/Page_DesignTracker -  Brandmuscle/SITEADMINISTRATION' is hovered using offset x = 0 and y = 0

2019-05-21 14:41:46 - [MESSAGE][PASSED] - Object: 'Object Repository/DESIGNTRACKER/HomePage/Page_DesignTracker -  Brandmuscle/SITEADMINISTRATION' is hovered using offset x = 0 and y = 0

2019-05-21 14:41:46 - [TEST_STEP][PASSED] - waitForElementVisible(findTestObject("DESIGNTRACKER/HomePage/Page_DesignTracker -  Brandmuscle/JOB CLOSING"), 30): Object 'Object Repository/DESIGNTRACKER/HomePage/Page_DesignTracker -  Brandmuscle/JOB CLOSING' is visible

2019-05-21 14:41:46 - [MESSAGE][PASSED] - Object 'Object Repository/DESIGNTRACKER/HomePage/Page_DesignTracker -  Brandmuscle/JOB CLOSING' is visible

2019-05-21 14:41:46 - [TEST_STEP][PASSED] - mouseOver(findTestObject("DESIGNTRACKER/HomePage/Page_DesignTracker -  Brandmuscle/JOB CLOSING")): Object: 'Object Repository/DESIGNTRACKER/HomePage/Page_DesignTracker -  Brandmuscle/JOB CLOSING' is hovered

2019-05-21 14:41:46 - [MESSAGE][PASSED] - Object: 'Object Repository/DESIGNTRACKER/HomePage/Page_DesignTracker -  Brandmuscle/JOB CLOSING' is hovered

2019-05-21 14:41:46 - [TEST_STEP][PASSED] - click(findTestObject("DESIGNTRACKER/HomePage/Page_DesignTracker -  Brandmuscle/JOB CLOSING")): Object: 'Object Repository/DESIGNTRACKER/HomePage/Page_DesignTracker -  Brandmuscle/JOB CLOSING' is clicked on

2019-05-21 14:41:49 - [MESSAGE][PASSED] - Object: 'Object Repository/DESIGNTRACKER/HomePage/Page_DesignTracker -  Brandmuscle/JOB CLOSING' is clicked on

2019-05-21 14:41:49 - [TEST_STEP][PASSED] - waitForPageLoad(30): Wait for page load successfully

2019-05-21 14:41:49 - [MESSAGE][PASSED] - Wait for page load successfully

2019-05-21 14:41:49 - [TEST_STEP][PASSED] - closeBrowser(): Browser is closed

2019-05-21 14:41:49 - [MESSAGE][PASSED] - Browser is closed]]></system-out>
         <system-err><![CDATA[]]></system-err>
      </testcase>
      <testcase name="Test Cases/IIDT/DT SMOKE/VerifyNewJobPage" classname="Test Cases/IIDT/DT SMOKE/VerifyNewJobPage" status="PASSED">
         <system-out><![CDATA[2019-05-21 14:41:51 - [TEST_CASE][PASSED] - Test Cases/IIDT/DT SMOKE/VerifyNewJobPage: Test Cases/IIDT/DT SMOKE/VerifyNewJobPage

2019-05-21 14:41:52 - [TEST_STEP][PASSED] - openBrowser("http://designtracker.uat.brandmuscle.net"): Browser is opened with url: 'http://designtracker.uat.brandmuscle.net'

2019-05-21 14:41:52 - [MESSAGE][INFO] - Starting 'Chrome' driver

2019-05-21 14:41:59 - [MESSAGE][PASSED] - Browser is opened with url: 'http://designtracker.uat.brandmuscle.net'

2019-05-21 14:41:59 - [TEST_STEP][PASSED] - maximizeWindow(): Current window maximized

2019-05-21 14:42:00 - [MESSAGE][PASSED] - Current window maximized

2019-05-21 14:42:00 - [TEST_STEP][PASSED] - waitForPageLoad(30): Wait for page load successfully

2019-05-21 14:42:00 - [MESSAGE][PASSED] - Wait for page load successfully

2019-05-21 14:42:00 - [TEST_STEP][PASSED] - setText(findTestObject("DESIGNTRACKER/LoginPage/Page_DesignTrackerLogin/UserName"), "dibyashree.jyoti@brandmuscle.com"): Text 'dibyashree.jyoti@brandmuscle.com' is set on object 'Object Repository/DESIGNTRACKER/LoginPage/Page_DesignTrackerLogin/UserName'

2019-05-21 14:42:01 - [MESSAGE][PASSED] - Text 'dibyashree.jyoti@brandmuscle.com' is set on object 'Object Repository/DESIGNTRACKER/LoginPage/Page_DesignTrackerLogin/UserName'

2019-05-21 14:42:01 - [TEST_STEP][PASSED] - setText(findTestObject("DESIGNTRACKER/LoginPage/Page_DesignTrackerLogin/Password"), "dibya@1234"): Text 'dibya@1234' is set on object 'Object Repository/DESIGNTRACKER/LoginPage/Page_DesignTrackerLogin/Password'

2019-05-21 14:42:01 - [MESSAGE][PASSED] - Text 'dibya@1234' is set on object 'Object Repository/DESIGNTRACKER/LoginPage/Page_DesignTrackerLogin/Password'

2019-05-21 14:42:01 - [TEST_STEP][PASSED] - waitForElementVisible(findTestObject("DESIGNTRACKER/LoginPage/Page_DesignTrackerLogin/LoginBtn"), 30): Object 'Object Repository/DESIGNTRACKER/LoginPage/Page_DesignTrackerLogin/LoginBtn' is visible

2019-05-21 14:42:01 - [MESSAGE][PASSED] - Object 'Object Repository/DESIGNTRACKER/LoginPage/Page_DesignTrackerLogin/LoginBtn' is visible

2019-05-21 14:42:01 - [TEST_STEP][PASSED] - click(findTestObject("DESIGNTRACKER/LoginPage/Page_DesignTrackerLogin/LoginBtn")): Object: 'Object Repository/DESIGNTRACKER/LoginPage/Page_DesignTrackerLogin/LoginBtn' is clicked on

2019-05-21 14:42:03 - [MESSAGE][PASSED] - Object: 'Object Repository/DESIGNTRACKER/LoginPage/Page_DesignTrackerLogin/LoginBtn' is clicked on

2019-05-21 14:42:03 - [TEST_STEP][PASSED] - waitForPageLoad(30): Wait for page load successfully

2019-05-21 14:42:03 - [MESSAGE][PASSED] - Wait for page load successfully

2019-05-21 14:42:03 - [TEST_STEP][PASSED] - waitForElementVisible(findTestObject("DESIGNTRACKER/HomePage/Page_DesignTracker -  Brandmuscle/Jobs"), 30): Object 'Object Repository/DESIGNTRACKER/HomePage/Page_DesignTracker -  Brandmuscle/Jobs' is visible

2019-05-21 14:42:03 - [MESSAGE][PASSED] - Object 'Object Repository/DESIGNTRACKER/HomePage/Page_DesignTracker -  Brandmuscle/Jobs' is visible

2019-05-21 14:42:03 - [TEST_STEP][PASSED] - mouseOverOffset(findTestObject("DESIGNTRACKER/HomePage/Page_DesignTracker -  Brandmuscle/Jobs"), 0, 0): Object: 'Object Repository/DESIGNTRACKER/HomePage/Page_DesignTracker -  Brandmuscle/Jobs' is hovered using offset x = 0 and y = 0

2019-05-21 14:42:03 - [MESSAGE][PASSED] - Object: 'Object Repository/DESIGNTRACKER/HomePage/Page_DesignTracker -  Brandmuscle/Jobs' is hovered using offset x = 0 and y = 0

2019-05-21 14:42:03 - [TEST_STEP][PASSED] - waitForElementVisible(findTestObject("DESIGNTRACKER/HomePage/Page_DesignTracker -  Brandmuscle/New"), 30): Object 'Object Repository/DESIGNTRACKER/HomePage/Page_DesignTracker -  Brandmuscle/New' is visible

2019-05-21 14:42:04 - [MESSAGE][PASSED] - Object 'Object Repository/DESIGNTRACKER/HomePage/Page_DesignTracker -  Brandmuscle/New' is visible

2019-05-21 14:42:04 - [TEST_STEP][PASSED] - mouseOver(findTestObject("DESIGNTRACKER/HomePage/Page_DesignTracker -  Brandmuscle/New")): Object: 'Object Repository/DESIGNTRACKER/HomePage/Page_DesignTracker -  Brandmuscle/New' is hovered

2019-05-21 14:42:04 - [MESSAGE][PASSED] - Object: 'Object Repository/DESIGNTRACKER/HomePage/Page_DesignTracker -  Brandmuscle/New' is hovered

2019-05-21 14:42:04 - [TEST_STEP][PASSED] - click(findTestObject("DESIGNTRACKER/HomePage/Page_DesignTracker -  Brandmuscle/New")): Object: 'Object Repository/DESIGNTRACKER/HomePage/Page_DesignTracker -  Brandmuscle/New' is clicked on

2019-05-21 14:42:05 - [MESSAGE][PASSED] - Object: 'Object Repository/DESIGNTRACKER/HomePage/Page_DesignTracker -  Brandmuscle/New' is clicked on

2019-05-21 14:42:05 - [TEST_STEP][PASSED] - waitForPageLoad(30): Wait for page load successfully

2019-05-21 14:42:05 - [MESSAGE][PASSED] - Wait for page load successfully

2019-05-21 14:42:05 - [TEST_STEP][PASSED] - waitForElementVisible(findTestObject("DESIGNTRACKER/JobNew/Page_DesignTracker -  Brandmuscle/CorporationDropDown"), 30): Object 'Object Repository/DESIGNTRACKER/JobNew/Page_DesignTracker -  Brandmuscle/CorporationDropDown' is visible

2019-05-21 14:42:05 - [MESSAGE][PASSED] - Object 'Object Repository/DESIGNTRACKER/JobNew/Page_DesignTracker -  Brandmuscle/CorporationDropDown' is visible

2019-05-21 14:42:05 - [TEST_STEP][PASSED] - verifyElementVisible(findTestObject("DESIGNTRACKER/JobNew/Page_DesignTracker -  Brandmuscle/CorporationDropDown")): Object 'Object Repository/DESIGNTRACKER/JobNew/Page_DesignTracker -  Brandmuscle/CorporationDropDown' is visible

2019-05-21 14:42:05 - [MESSAGE][PASSED] - Object 'Object Repository/DESIGNTRACKER/JobNew/Page_DesignTracker -  Brandmuscle/CorporationDropDown' is visible

2019-05-21 14:42:05 - [TEST_STEP][PASSED] - waitForElementVisible(findTestObject("DESIGNTRACKER/JobNew/Page_DesignTracker -  Brandmuscle/SupplierDistributorDropdown"), 30): Object 'Object Repository/DESIGNTRACKER/JobNew/Page_DesignTracker -  Brandmuscle/SupplierDistributorDropdown' is visible

2019-05-21 14:42:05 - [MESSAGE][PASSED] - Object 'Object Repository/DESIGNTRACKER/JobNew/Page_DesignTracker -  Brandmuscle/SupplierDistributorDropdown' is visible

2019-05-21 14:42:05 - [TEST_STEP][PASSED] - verifyElementVisible(findTestObject("DESIGNTRACKER/JobNew/Page_DesignTracker -  Brandmuscle/SupplierDistributorDropdown")): Object 'Object Repository/DESIGNTRACKER/JobNew/Page_DesignTracker -  Brandmuscle/SupplierDistributorDropdown' is visible

2019-05-21 14:42:05 - [MESSAGE][PASSED] - Object 'Object Repository/DESIGNTRACKER/JobNew/Page_DesignTracker -  Brandmuscle/SupplierDistributorDropdown' is visible

2019-05-21 14:42:05 - [TEST_STEP][PASSED] - waitForElementVisible(findTestObject("DESIGNTRACKER/JobNew/Page_DesignTracker -  Brandmuscle/SalesPersonDropDown"), 30): Object 'Object Repository/DESIGNTRACKER/JobNew/Page_DesignTracker -  Brandmuscle/SalesPersonDropDown' is visible

2019-05-21 14:42:05 - [MESSAGE][PASSED] - Object 'Object Repository/DESIGNTRACKER/JobNew/Page_DesignTracker -  Brandmuscle/SalesPersonDropDown' is visible

2019-05-21 14:42:05 - [TEST_STEP][PASSED] - verifyElementVisible(findTestObject("DESIGNTRACKER/JobNew/Page_DesignTracker -  Brandmuscle/SalesPersonDropDown")): Object 'Object Repository/DESIGNTRACKER/JobNew/Page_DesignTracker -  Brandmuscle/SalesPersonDropDown' is visible

2019-05-21 14:42:05 - [MESSAGE][PASSED] - Object 'Object Repository/DESIGNTRACKER/JobNew/Page_DesignTracker -  Brandmuscle/SalesPersonDropDown' is visible

2019-05-21 14:42:05 - [TEST_STEP][PASSED] - waitForElementVisible(findTestObject("DESIGNTRACKER/JobNew/Page_DesignTracker -  Brandmuscle/AccontDropDown"), 30): Object 'Object Repository/DESIGNTRACKER/JobNew/Page_DesignTracker -  Brandmuscle/AccontDropDown' is visible

2019-05-21 14:42:05 - [MESSAGE][PASSED] - Object 'Object Repository/DESIGNTRACKER/JobNew/Page_DesignTracker -  Brandmuscle/AccontDropDown' is visible

2019-05-21 14:42:05 - [TEST_STEP][PASSED] - verifyElementVisible(findTestObject("DESIGNTRACKER/JobNew/Page_DesignTracker -  Brandmuscle/AccontDropDown")): Object 'Object Repository/DESIGNTRACKER/JobNew/Page_DesignTracker -  Brandmuscle/AccontDropDown' is visible

2019-05-21 14:42:05 - [MESSAGE][PASSED] - Object 'Object Repository/DESIGNTRACKER/JobNew/Page_DesignTracker -  Brandmuscle/AccontDropDown' is visible

2019-05-21 14:42:05 - [TEST_STEP][PASSED] - waitForElementVisible(findTestObject("DESIGNTRACKER/JobNew/Page_DesignTracker -  Brandmuscle/Jobtype"), 30): Object 'Object Repository/DESIGNTRACKER/JobNew/Page_DesignTracker -  Brandmuscle/Jobtype' is visible

2019-05-21 14:42:05 - [MESSAGE][PASSED] - Object 'Object Repository/DESIGNTRACKER/JobNew/Page_DesignTracker -  Brandmuscle/Jobtype' is visible

2019-05-21 14:42:05 - [TEST_STEP][PASSED] - verifyElementVisible(findTestObject("DESIGNTRACKER/JobNew/Page_DesignTracker -  Brandmuscle/Jobtype")): Object 'Object Repository/DESIGNTRACKER/JobNew/Page_DesignTracker -  Brandmuscle/Jobtype' is visible

2019-05-21 14:42:05 - [MESSAGE][PASSED] - Object 'Object Repository/DESIGNTRACKER/JobNew/Page_DesignTracker -  Brandmuscle/Jobtype' is visible

2019-05-21 14:42:05 - [TEST_STEP][PASSED] - waitForElementVisible(findTestObject("DESIGNTRACKER/JobNew/Page_DesignTracker -  Brandmuscle/CreateJobBtn"), 30): Object 'Object Repository/DESIGNTRACKER/JobNew/Page_DesignTracker -  Brandmuscle/CreateJobBtn' is visible

2019-05-21 14:42:05 - [MESSAGE][PASSED] - Object 'Object Repository/DESIGNTRACKER/JobNew/Page_DesignTracker -  Brandmuscle/CreateJobBtn' is visible

2019-05-21 14:42:05 - [TEST_STEP][PASSED] - verifyElementClickable(findTestObject("DESIGNTRACKER/JobNew/Page_DesignTracker -  Brandmuscle/CreateJobBtn")): Object 'Object Repository/DESIGNTRACKER/JobNew/Page_DesignTracker -  Brandmuscle/CreateJobBtn' is clickable

2019-05-21 14:42:05 - [MESSAGE][PASSED] - Object 'Object Repository/DESIGNTRACKER/JobNew/Page_DesignTracker -  Brandmuscle/CreateJobBtn' is clickable

2019-05-21 14:42:05 - [TEST_STEP][PASSED] - verifyTextPresent("New Job", false): Text 'New Job' is present on page 

2019-05-21 14:42:05 - [MESSAGE][PASSED] - Text 'New Job' is present on page 

2019-05-21 14:42:05 - [TEST_STEP][PASSED] - closeBrowser(): Browser is closed

2019-05-21 14:42:06 - [MESSAGE][PASSED] - Browser is closed]]></system-out>
         <system-err><![CDATA[]]></system-err>
      </testcase>
      <testcase name="Test Cases/IIDT/DT SMOKE/VerifySalesPeoplePage" classname="Test Cases/IIDT/DT SMOKE/VerifySalesPeoplePage" status="PASSED">
         <system-out><![CDATA[2019-05-21 14:42:08 - [TEST_CASE][PASSED] - Test Cases/IIDT/DT SMOKE/VerifySalesPeoplePage: Test Cases/IIDT/DT SMOKE/VerifySalesPeoplePage

2019-05-21 14:42:08 - [TEST_STEP][PASSED] - openBrowser(""): Browser is opened with url: ''

2019-05-21 14:42:08 - [MESSAGE][INFO] - Starting 'Chrome' driver

2019-05-21 14:42:11 - [MESSAGE][PASSED] - Browser is opened with url: ''

2019-05-21 14:42:11 - [TEST_STEP][PASSED] - com.dtmethods.utilitymethods.OpenApplication("http://designtracker.uat.brandmuscle.net"): com.dtmethods.utilitymethods.OpenApplication is PASSED

2019-05-21 14:42:16 - [MESSAGE][PASSED] - Navigate to 'http://designtracker.uat.brandmuscle.net' successfully

2019-05-21 14:42:16 - [MESSAGE][PASSED] - com.dtmethods.utilitymethods.OpenApplication is PASSED

2019-05-21 14:42:16 - [TEST_STEP][PASSED] - setText(findTestObject("DESIGNTRACKER/LoginPage/Page_DesignTrackerLogin/UserName"), "dibyashree.jyoti@brandmuscle.com"): Text 'dibyashree.jyoti@brandmuscle.com' is set on object 'Object Repository/DESIGNTRACKER/LoginPage/Page_DesignTrackerLogin/UserName'

2019-05-21 14:42:16 - [MESSAGE][PASSED] - Text 'dibyashree.jyoti@brandmuscle.com' is set on object 'Object Repository/DESIGNTRACKER/LoginPage/Page_DesignTrackerLogin/UserName'

2019-05-21 14:42:16 - [TEST_STEP][PASSED] - setText(findTestObject("DESIGNTRACKER/LoginPage/Page_DesignTrackerLogin/Password"), "dibya@1234"): Text 'dibya@1234' is set on object 'Object Repository/DESIGNTRACKER/LoginPage/Page_DesignTrackerLogin/Password'

2019-05-21 14:42:16 - [MESSAGE][PASSED] - Text 'dibya@1234' is set on object 'Object Repository/DESIGNTRACKER/LoginPage/Page_DesignTrackerLogin/Password'

2019-05-21 14:42:16 - [TEST_STEP][PASSED] - click(findTestObject("DESIGNTRACKER/LoginPage/Page_DesignTrackerLogin/LoginBtn")): Object: 'Object Repository/DESIGNTRACKER/LoginPage/Page_DesignTrackerLogin/LoginBtn' is clicked on

2019-05-21 14:42:19 - [MESSAGE][PASSED] - Object: 'Object Repository/DESIGNTRACKER/LoginPage/Page_DesignTrackerLogin/LoginBtn' is clicked on

2019-05-21 14:42:19 - [TEST_STEP][PASSED] - waitForPageLoad(30): Wait for page load successfully

2019-05-21 14:42:19 - [MESSAGE][PASSED] - Wait for page load successfully

2019-05-21 14:42:19 - [TEST_STEP][PASSED] - waitForElementVisible(findTestObject("DESIGNTRACKER/HomePage/Page_DesignTracker -  Brandmuscle/SITEADMINISTRATION"), 30): Object 'Object Repository/DESIGNTRACKER/HomePage/Page_DesignTracker -  Brandmuscle/SITEADMINISTRATION' is visible

2019-05-21 14:42:19 - [MESSAGE][PASSED] - Object 'Object Repository/DESIGNTRACKER/HomePage/Page_DesignTracker -  Brandmuscle/SITEADMINISTRATION' is visible

2019-05-21 14:42:19 - [TEST_STEP][PASSED] - mouseOverOffset(findTestObject("DESIGNTRACKER/HomePage/Page_DesignTracker -  Brandmuscle/SITEADMINISTRATION"), 0, 0): Object: 'Object Repository/DESIGNTRACKER/HomePage/Page_DesignTracker -  Brandmuscle/SITEADMINISTRATION' is hovered using offset x = 0 and y = 0

2019-05-21 14:42:19 - [MESSAGE][PASSED] - Object: 'Object Repository/DESIGNTRACKER/HomePage/Page_DesignTracker -  Brandmuscle/SITEADMINISTRATION' is hovered using offset x = 0 and y = 0

2019-05-21 14:42:19 - [TEST_STEP][PASSED] - waitForElementVisible(findTestObject("DESIGNTRACKER/HomePage/Page_DesignTracker -  Brandmuscle/SALES PEOPLE"), 30): Object 'Object Repository/DESIGNTRACKER/HomePage/Page_DesignTracker -  Brandmuscle/SALES PEOPLE' is visible

2019-05-21 14:42:19 - [MESSAGE][PASSED] - Object 'Object Repository/DESIGNTRACKER/HomePage/Page_DesignTracker -  Brandmuscle/SALES PEOPLE' is visible

2019-05-21 14:42:19 - [TEST_STEP][PASSED] - mouseOver(findTestObject("DESIGNTRACKER/HomePage/Page_DesignTracker -  Brandmuscle/SALES PEOPLE")): Object: 'Object Repository/DESIGNTRACKER/HomePage/Page_DesignTracker -  Brandmuscle/SALES PEOPLE' is hovered

2019-05-21 14:42:19 - [MESSAGE][PASSED] - Object: 'Object Repository/DESIGNTRACKER/HomePage/Page_DesignTracker -  Brandmuscle/SALES PEOPLE' is hovered

2019-05-21 14:42:19 - [TEST_STEP][PASSED] - click(findTestObject("DESIGNTRACKER/HomePage/Page_DesignTracker -  Brandmuscle/SALES PEOPLE")): Object: 'Object Repository/DESIGNTRACKER/HomePage/Page_DesignTracker -  Brandmuscle/SALES PEOPLE' is clicked on

2019-05-21 14:42:20 - [MESSAGE][PASSED] - Object: 'Object Repository/DESIGNTRACKER/HomePage/Page_DesignTracker -  Brandmuscle/SALES PEOPLE' is clicked on

2019-05-21 14:42:20 - [TEST_STEP][PASSED] - waitForPageLoad(30): Wait for page load successfully

2019-05-21 14:42:20 - [MESSAGE][PASSED] - Wait for page load successfully

2019-05-21 14:42:20 - [TEST_STEP][PASSED] - verifyTextPresent("Market User Management", false): Text 'Market User Management' is present on page 

2019-05-21 14:42:20 - [MESSAGE][PASSED] - Text 'Market User Management' is present on page 

2019-05-21 14:42:20 - [TEST_STEP][PASSED] - closeBrowser(): Browser is closed

2019-05-21 14:42:21 - [MESSAGE][PASSED] - Browser is closed]]></system-out>
         <system-err><![CDATA[]]></system-err>
      </testcase>
      <testcase name="Test Cases/IIDT/DT SMOKE/VerifySalesPeopleSafeListPage" classname="Test Cases/IIDT/DT SMOKE/VerifySalesPeopleSafeListPage" status="PASSED">
         <system-out><![CDATA[2019-05-21 14:42:23 - [TEST_CASE][PASSED] - Test Cases/IIDT/DT SMOKE/VerifySalesPeopleSafeListPage: Test Cases/IIDT/DT SMOKE/VerifySalesPeopleSafeListPage

2019-05-21 14:42:23 - [TEST_STEP][PASSED] - openBrowser(""): Browser is opened with url: ''

2019-05-21 14:42:23 - [MESSAGE][INFO] - Starting 'Chrome' driver

2019-05-21 14:42:26 - [MESSAGE][PASSED] - Browser is opened with url: ''

2019-05-21 14:42:26 - [TEST_STEP][PASSED] - maximizeWindow(): Current window maximized

2019-05-21 14:42:27 - [MESSAGE][PASSED] - Current window maximized

2019-05-21 14:42:27 - [TEST_STEP][PASSED] - navigateToUrl("http://designtracker.uat.brandmuscle.net"): Navigate to 'http://designtracker.uat.brandmuscle.net' successfully

2019-05-21 14:42:33 - [MESSAGE][PASSED] - Navigate to 'http://designtracker.uat.brandmuscle.net' successfully

2019-05-21 14:42:33 - [TEST_STEP][PASSED] - waitForPageLoad(30): Wait for page load successfully

2019-05-21 14:42:33 - [MESSAGE][PASSED] - Wait for page load successfully

2019-05-21 14:42:33 - [TEST_STEP][PASSED] - waitForElementVisible(findTestObject("DESIGNTRACKER/LoginPage/Page_DesignTrackerLogin/UserName"), 30): Object 'Object Repository/DESIGNTRACKER/LoginPage/Page_DesignTrackerLogin/UserName' is visible

2019-05-21 14:42:33 - [MESSAGE][PASSED] - Object 'Object Repository/DESIGNTRACKER/LoginPage/Page_DesignTrackerLogin/UserName' is visible

2019-05-21 14:42:33 - [TEST_STEP][PASSED] - setText(findTestObject("DESIGNTRACKER/LoginPage/Page_DesignTrackerLogin/UserName"), "dibyashree.jyoti@brandmuscle.com"): Text 'dibyashree.jyoti@brandmuscle.com' is set on object 'Object Repository/DESIGNTRACKER/LoginPage/Page_DesignTrackerLogin/UserName'

2019-05-21 14:42:33 - [MESSAGE][PASSED] - Text 'dibyashree.jyoti@brandmuscle.com' is set on object 'Object Repository/DESIGNTRACKER/LoginPage/Page_DesignTrackerLogin/UserName'

2019-05-21 14:42:33 - [TEST_STEP][PASSED] - waitForElementVisible(findTestObject("DESIGNTRACKER/LoginPage/Page_DesignTrackerLogin/Password"), 30): Object 'Object Repository/DESIGNTRACKER/LoginPage/Page_DesignTrackerLogin/Password' is visible

2019-05-21 14:42:33 - [MESSAGE][PASSED] - Object 'Object Repository/DESIGNTRACKER/LoginPage/Page_DesignTrackerLogin/Password' is visible

2019-05-21 14:42:33 - [TEST_STEP][PASSED] - setText(findTestObject("DESIGNTRACKER/LoginPage/Page_DesignTrackerLogin/Password"), "dibya@1234"): Text 'dibya@1234' is set on object 'Object Repository/DESIGNTRACKER/LoginPage/Page_DesignTrackerLogin/Password'

2019-05-21 14:42:34 - [MESSAGE][PASSED] - Text 'dibya@1234' is set on object 'Object Repository/DESIGNTRACKER/LoginPage/Page_DesignTrackerLogin/Password'

2019-05-21 14:42:34 - [TEST_STEP][PASSED] - click(findTestObject("DESIGNTRACKER/LoginPage/Page_DesignTrackerLogin/LoginBtn")): Object: 'Object Repository/DESIGNTRACKER/LoginPage/Page_DesignTrackerLogin/LoginBtn' is clicked on

2019-05-21 14:42:38 - [MESSAGE][PASSED] - Object: 'Object Repository/DESIGNTRACKER/LoginPage/Page_DesignTrackerLogin/LoginBtn' is clicked on

2019-05-21 14:42:38 - [TEST_STEP][PASSED] - waitForPageLoad(30): Wait for page load successfully

2019-05-21 14:42:38 - [MESSAGE][PASSED] - Wait for page load successfully

2019-05-21 14:42:38 - [TEST_STEP][PASSED] - waitForElementVisible(findTestObject("DESIGNTRACKER/HomePage/Page_DesignTracker -  Brandmuscle/SITEADMINISTRATION"), 30): Object 'Object Repository/DESIGNTRACKER/HomePage/Page_DesignTracker -  Brandmuscle/SITEADMINISTRATION' is visible

2019-05-21 14:42:38 - [MESSAGE][PASSED] - Object 'Object Repository/DESIGNTRACKER/HomePage/Page_DesignTracker -  Brandmuscle/SITEADMINISTRATION' is visible

2019-05-21 14:42:38 - [TEST_STEP][PASSED] - mouseOverOffset(findTestObject("DESIGNTRACKER/HomePage/Page_DesignTracker -  Brandmuscle/SITEADMINISTRATION"), 0, 0): Object: 'Object Repository/DESIGNTRACKER/HomePage/Page_DesignTracker -  Brandmuscle/SITEADMINISTRATION' is hovered using offset x = 0 and y = 0

2019-05-21 14:42:38 - [MESSAGE][PASSED] - Object: 'Object Repository/DESIGNTRACKER/HomePage/Page_DesignTracker -  Brandmuscle/SITEADMINISTRATION' is hovered using offset x = 0 and y = 0

2019-05-21 14:42:38 - [TEST_STEP][PASSED] - waitForElementVisible(findTestObject("DESIGNTRACKER/HomePage/Page_DesignTracker -  Brandmuscle/EXCEPTION LIST - SALES PEOPLE"), 30): Object 'Object Repository/DESIGNTRACKER/HomePage/Page_DesignTracker -  Brandmuscle/EXCEPTION LIST - SALES PEOPLE' is visible

2019-05-21 14:42:38 - [MESSAGE][PASSED] - Object 'Object Repository/DESIGNTRACKER/HomePage/Page_DesignTracker -  Brandmuscle/EXCEPTION LIST - SALES PEOPLE' is visible

2019-05-21 14:42:38 - [TEST_STEP][PASSED] - mouseOver(findTestObject("DESIGNTRACKER/HomePage/Page_DesignTracker -  Brandmuscle/EXCEPTION LIST - SALES PEOPLE")): Object: 'Object Repository/DESIGNTRACKER/HomePage/Page_DesignTracker -  Brandmuscle/EXCEPTION LIST - SALES PEOPLE' is hovered

2019-05-21 14:42:38 - [MESSAGE][PASSED] - Object: 'Object Repository/DESIGNTRACKER/HomePage/Page_DesignTracker -  Brandmuscle/EXCEPTION LIST - SALES PEOPLE' is hovered

2019-05-21 14:42:38 - [TEST_STEP][PASSED] - click(findTestObject("DESIGNTRACKER/HomePage/Page_DesignTracker -  Brandmuscle/EXCEPTION LIST - SALES PEOPLE")): Object: 'Object Repository/DESIGNTRACKER/HomePage/Page_DesignTracker -  Brandmuscle/EXCEPTION LIST - SALES PEOPLE' is clicked on

2019-05-21 14:42:39 - [MESSAGE][PASSED] - Object: 'Object Repository/DESIGNTRACKER/HomePage/Page_DesignTracker -  Brandmuscle/EXCEPTION LIST - SALES PEOPLE' is clicked on

2019-05-21 14:42:39 - [TEST_STEP][PASSED] - waitForPageLoad(30): Wait for page load successfully

2019-05-21 14:42:39 - [MESSAGE][PASSED] - Wait for page load successfully

2019-05-21 14:42:39 - [TEST_STEP][PASSED] - closeBrowser(): Browser is closed

2019-05-21 14:42:40 - [MESSAGE][PASSED] - Browser is closed]]></system-out>
         <system-err><![CDATA[]]></system-err>
      </testcase>
      <testcase name="Test Cases/IIDT/DT SMOKE/VerifySearchJob" classname="Test Cases/IIDT/DT SMOKE/VerifySearchJob" status="PASSED">
         <system-out><![CDATA[2019-05-21 14:42:42 - [TEST_CASE][PASSED] - Test Cases/IIDT/DT SMOKE/VerifySearchJob: Test Cases/IIDT/DT SMOKE/VerifySearchJob

2019-05-21 14:42:42 - [TEST_STEP][PASSED] - openBrowser("http://designtracker.uat.brandmuscle.net/login.aspx?ReturnUrl=%2f"): Browser is opened with url: 'http://designtracker.uat.brandmuscle.net/login.aspx?ReturnUrl=%2f'

2019-05-21 14:42:42 - [MESSAGE][INFO] - Starting 'Chrome' driver

2019-05-21 14:42:49 - [MESSAGE][PASSED] - Browser is opened with url: 'http://designtracker.uat.brandmuscle.net/login.aspx?ReturnUrl=%2f'

2019-05-21 14:42:49 - [TEST_STEP][PASSED] - maximizeWindow(): Current window maximized

2019-05-21 14:42:50 - [MESSAGE][PASSED] - Current window maximized

2019-05-21 14:42:50 - [TEST_STEP][PASSED] - setText(findTestObject("DESIGNTRACKER/LoginPage/Page_DesignTrackerLogin/UserName"), "dibyashree.jyoti@brandmuscle.com"): Text 'dibyashree.jyoti@brandmuscle.com' is set on object 'Object Repository/DESIGNTRACKER/LoginPage/Page_DesignTrackerLogin/UserName'

2019-05-21 14:42:50 - [MESSAGE][PASSED] - Text 'dibyashree.jyoti@brandmuscle.com' is set on object 'Object Repository/DESIGNTRACKER/LoginPage/Page_DesignTrackerLogin/UserName'

2019-05-21 14:42:50 - [TEST_STEP][PASSED] - setText(findTestObject("DESIGNTRACKER/LoginPage/Page_DesignTrackerLogin/Password"), "dibya@1234"): Text 'dibya@1234' is set on object 'Object Repository/DESIGNTRACKER/LoginPage/Page_DesignTrackerLogin/Password'

2019-05-21 14:42:51 - [MESSAGE][PASSED] - Text 'dibya@1234' is set on object 'Object Repository/DESIGNTRACKER/LoginPage/Page_DesignTrackerLogin/Password'

2019-05-21 14:42:51 - [TEST_STEP][PASSED] - click(findTestObject("DESIGNTRACKER/LoginPage/Page_DesignTrackerLogin/LoginBtn")): Object: 'Object Repository/DESIGNTRACKER/LoginPage/Page_DesignTrackerLogin/LoginBtn' is clicked on

2019-05-21 14:42:54 - [MESSAGE][PASSED] - Object: 'Object Repository/DESIGNTRACKER/LoginPage/Page_DesignTrackerLogin/LoginBtn' is clicked on

2019-05-21 14:42:54 - [TEST_STEP][PASSED] - waitForPageLoad(0): Wait for page load successfully

2019-05-21 14:42:54 - [MESSAGE][WARNING] - Timeout '0' is invalid. Using default page load timeout: '30'

2019-05-21 14:42:54 - [MESSAGE][PASSED] - Wait for page load successfully

2019-05-21 14:42:54 - [TEST_STEP][PASSED] - getUrl(): Current window's url is: 'http://designtracker.uat.brandmuscle.net/'

2019-05-21 14:42:54 - [MESSAGE][PASSED] - Current window's url is: 'http://designtracker.uat.brandmuscle.net/'

2019-05-21 14:42:54 - [TEST_STEP][PASSED] - scrollToElement(findTestObject("DESIGNTRACKER/HomePage/Page_DesignTracker -  Brandmuscle/ResetBtn"), 0): Scroll to object 'Object Repository/DESIGNTRACKER/HomePage/Page_DesignTracker -  Brandmuscle/ResetBtn' successfully

2019-05-21 14:42:54 - [MESSAGE][WARNING] - Timeout '0' is invalid. Using default page load timeout: '30'

2019-05-21 14:42:54 - [MESSAGE][PASSED] - Scroll to object 'Object Repository/DESIGNTRACKER/HomePage/Page_DesignTracker -  Brandmuscle/ResetBtn' successfully

2019-05-21 14:42:54 - [TEST_STEP][PASSED] - verifyElementClickable(findTestObject("DESIGNTRACKER/HomePage/Page_DesignTracker -  Brandmuscle/ResetBtn"), STOP_ON_FAILURE): Object 'Object Repository/DESIGNTRACKER/HomePage/Page_DesignTracker -  Brandmuscle/ResetBtn' is clickable

2019-05-21 14:42:54 - [MESSAGE][PASSED] - Object 'Object Repository/DESIGNTRACKER/HomePage/Page_DesignTracker -  Brandmuscle/ResetBtn' is clickable

2019-05-21 14:42:54 - [TEST_STEP][PASSED] - verifyElementPresent(findTestObject("DESIGNTRACKER/HomePage/Page_DesignTracker -  Brandmuscle/Jobs"), 0): Object 'Object Repository/DESIGNTRACKER/HomePage/Page_DesignTracker -  Brandmuscle/Jobs' is present

2019-05-21 14:42:54 - [MESSAGE][WARNING] - Timeout '0' is invalid. Using default page load timeout: '30'

2019-05-21 14:42:54 - [MESSAGE][PASSED] - Object 'Object Repository/DESIGNTRACKER/HomePage/Page_DesignTracker -  Brandmuscle/Jobs' is present

2019-05-21 14:42:54 - [TEST_STEP][PASSED] - mouseOver(findTestObject("DESIGNTRACKER/HomePage/Page_DesignTracker -  Brandmuscle/Jobs")): Object: 'Object Repository/DESIGNTRACKER/HomePage/Page_DesignTracker -  Brandmuscle/Jobs' is hovered

2019-05-21 14:42:54 - [MESSAGE][PASSED] - Object: 'Object Repository/DESIGNTRACKER/HomePage/Page_DesignTracker -  Brandmuscle/Jobs' is hovered

2019-05-21 14:42:54 - [TEST_STEP][PASSED] - mouseOver(findTestObject("DESIGNTRACKER/HomePage/Page_DesignTracker -  Brandmuscle/SearchBtn")): Object: 'Object Repository/DESIGNTRACKER/HomePage/Page_DesignTracker -  Brandmuscle/SearchBtn' is hovered

2019-05-21 14:42:54 - [MESSAGE][PASSED] - Object: 'Object Repository/DESIGNTRACKER/HomePage/Page_DesignTracker -  Brandmuscle/SearchBtn' is hovered

2019-05-21 14:42:54 - [TEST_STEP][PASSED] - click(findTestObject("DESIGNTRACKER/HomePage/Page_DesignTracker -  Brandmuscle/SearchBtn")): Object: 'Object Repository/DESIGNTRACKER/HomePage/Page_DesignTracker -  Brandmuscle/SearchBtn' is clicked on

2019-05-21 14:42:54 - [MESSAGE][PASSED] - Object: 'Object Repository/DESIGNTRACKER/HomePage/Page_DesignTracker -  Brandmuscle/SearchBtn' is clicked on

2019-05-21 14:42:54 - [TEST_STEP][PASSED] - scrollToElement(findTestObject("DESIGNTRACKER/HomePage/Page_DesignTracker -  Brandmuscle/SelectLink"), 0): Scroll to object 'Object Repository/DESIGNTRACKER/HomePage/Page_DesignTracker -  Brandmuscle/SelectLink' successfully

2019-05-21 14:42:54 - [MESSAGE][WARNING] - Timeout '0' is invalid. Using default page load timeout: '30'

2019-05-21 14:42:56 - [MESSAGE][PASSED] - Scroll to object 'Object Repository/DESIGNTRACKER/HomePage/Page_DesignTracker -  Brandmuscle/SelectLink' successfully

2019-05-21 14:42:56 - [TEST_STEP][PASSED] - click(findTestObject("DESIGNTRACKER/HomePage/Page_DesignTracker -  Brandmuscle/SelectLink")): Object: 'Object Repository/DESIGNTRACKER/HomePage/Page_DesignTracker -  Brandmuscle/SelectLink' is clicked on

2019-05-21 14:43:02 - [MESSAGE][PASSED] - Object: 'Object Repository/DESIGNTRACKER/HomePage/Page_DesignTracker -  Brandmuscle/SelectLink' is clicked on

2019-05-21 14:43:02 - [TEST_STEP][PASSED] - waitForPageLoad(0): Wait for page load successfully

2019-05-21 14:43:02 - [MESSAGE][WARNING] - Timeout '0' is invalid. Using default page load timeout: '30'

2019-05-21 14:43:02 - [MESSAGE][PASSED] - Wait for page load successfully

2019-05-21 14:43:02 - [TEST_STEP][PASSED] - getUrl(): Current window's url is: 'http://designtracker.uat.brandmuscle.net/Job/JobDetail.aspx'

2019-05-21 14:43:02 - [MESSAGE][PASSED] - Current window's url is: 'http://designtracker.uat.brandmuscle.net/Job/JobDetail.aspx'

2019-05-21 14:43:02 - [TEST_STEP][PASSED] - closeBrowser(): Browser is closed

2019-05-21 14:43:03 - [MESSAGE][PASSED] - Browser is closed]]></system-out>
         <system-err><![CDATA[]]></system-err>
      </testcase>
      <system-out><![CDATA[2019-05-21 14:41:17 - [TEST_SUITE][PASSED] - ConsolidatorSmoke: Test Cases/IIDT/DT SMOKE/VerifySearchJob]]></system-out>
      <system-err><![CDATA[]]></system-err>
   </testsuite>
</testsuites>
